<?xml version="1.0" encoding="UTF-8"?>
<robot generator="Robot 3.2.2 (Python 3.8.3 on win32)" generated="20210504 20:08:46.945" rpa="false">
<suite id="s1" name="TestChangeStatus" source="C:\development\robot-scripts - Copy\first-script\Tests\TestChangeStatus.robot">
<test id="s1-t1" name="Driving Routine two - 00">
<kw name="Run Driving Routine With Multiple Drivers">
<tags>
<tag>DriverStatus</tag>
</tags>
<doc>Driver certifying logs routine</doc>
<arguments>
<arg>miranda00@ot1solidtest01.com</arg>
<arg>1234</arg>
<arg>2s</arg>
<arg>miranda04@ot1solidtest01.com</arg>
</arguments>
<kw name="Driving Routine Unid Events" library="DrivingRoutines">
<arguments>
<arg>${user}</arg>
<arg>${password}</arg>
</arguments>
<kw name="Log To Console" library="BuiltIn">
<doc>Logs the given message to the console.</doc>
<arguments>
<arg>${user}</arg>
</arguments>
<status status="PASS" starttime="20210504 20:08:47.437" endtime="20210504 20:08:47.439"></status>
</kw>
<kw name="Log To Console" library="BuiltIn">
<doc>Logs the given message to the console.</doc>
<arguments>
<arg>${password}</arg>
</arguments>
<status status="PASS" starttime="20210504 20:08:47.439" endtime="20210504 20:08:47.440"></status>
</kw>
<kw name="Log To Console" library="BuiltIn">
<doc>Logs the given message to the console.</doc>
<arguments>
<arg>${user}</arg>
</arguments>
<status status="PASS" starttime="20210504 20:08:47.440" endtime="20210504 20:08:47.441"></status>
</kw>
<kw name="Log To Console" library="BuiltIn">
<doc>Logs the given message to the console.</doc>
<arguments>
<arg>${password}</arg>
</arguments>
<status status="PASS" starttime="20210504 20:08:47.441" endtime="20210504 20:08:47.442"></status>
</kw>
<kw name="Open vistracks" library="Common">
<kw name="Open Application" library="AppiumLibrary">
<doc>Opens a new application to given Appium server.
Capabilities of appium server, Android and iOS,
Please check https://github.com/appium/appium/blob/master/docs/en/writing-running-appium/server-args.md
| *Option*            | *Man.* | *Description*     |
| remote_url          | Yes    | Appium server url |
| alias               | no     | alias             |</doc>
<arguments>
<arg>${REMOTE_URL}</arg>
<arg>platformName=${PLATFORM_NAME}</arg>
<arg>platformVersion=${PLATFORM_VERSION}</arg>
<arg>deviceName=${DEVICE_NAME}</arg>
<arg>automationName=UiAutomator2</arg>
<arg>noReset=False</arg>
<arg>autoGrantPermissions=True</arg>
<arg>newCommandTimeout=2500</arg>
<arg>appActivity=${Activity_NAME}</arg>
<arg>appPackage=${PACKAGE_NAME}</arg>
</arguments>
<status status="PASS" starttime="20210504 20:08:47.442" endtime="20210504 20:09:04.759"></status>
</kw>
<status status="PASS" starttime="20210504 20:08:47.442" endtime="20210504 20:09:04.759"></status>
</kw>
<kw name="Accept license" library="Common">
<kw name="Verify license button loaded" library="Login">
<kw name="Wait Until Element Is Visible" library="AppiumLibrary">
<doc>Waits until element specified with `locator` is visible.</doc>
<arguments>
<arg>id=com.vistracks:id/acceptBtn</arg>
<arg>timeout=60</arg>
</arguments>
<status status="PASS" starttime="20210504 20:09:04.762" endtime="20210504 20:09:05.056"></status>
</kw>
<status status="PASS" starttime="20210504 20:09:04.761" endtime="20210504 20:09:05.056"></status>
</kw>
<kw name="Click license button" library="Login">
<kw name="Click Element" library="AppiumLibrary">
<doc>Click element identified by `locator`.</doc>
<arguments>
<arg>id=com.vistracks:id/acceptBtn</arg>
</arguments>
<msg timestamp="20210504 20:09:05.059" level="INFO">Clicking element 'id=com.vistracks:id/acceptBtn'.</msg>
<status status="PASS" starttime="20210504 20:09:05.057" endtime="20210504 20:09:05.195"></status>
</kw>
<status status="PASS" starttime="20210504 20:09:05.056" endtime="20210504 20:09:05.195"></status>
</kw>
<kw name="Verify account name loaded" library="Login">
<kw name="Wait Until Element Is Visible" library="AppiumLibrary">
<doc>Waits until element specified with `locator` is visible.</doc>
<arguments>
<arg>id=com.vistracks:id/accountNameEt</arg>
<arg>timeout=60</arg>
</arguments>
<status status="PASS" starttime="20210504 20:09:05.196" endtime="20210504 20:09:06.849"></status>
</kw>
<status status="PASS" starttime="20210504 20:09:05.195" endtime="20210504 20:09:06.850"></status>
</kw>
<status status="PASS" starttime="20210504 20:09:04.760" endtime="20210504 20:09:06.850"></status>
</kw>
<kw name="Login with Driver data" library="Common">
<arguments>
<arg>${user}</arg>
<arg>${password}</arg>
</arguments>
<kw name="Input Driver user" library="Login">
<arguments>
<arg>${user}</arg>
</arguments>
<kw name="Wait Until Element Is Visible" library="AppiumLibrary">
<doc>Waits until element specified with `locator` is visible.</doc>
<arguments>
<arg>id=com.vistracks:id/accountNameEt</arg>
</arguments>
<status status="PASS" starttime="20210504 20:09:06.852" endtime="20210504 20:09:06.959"></status>
</kw>
<kw name="Input Text" library="AppiumLibrary">
<doc>Types the given `text` into text field identified by `locator`.</doc>
<arguments>
<arg>id=com.vistracks:id/accountNameEt</arg>
<arg>${user}</arg>
</arguments>
<msg timestamp="20210504 20:09:06.962" level="INFO">Typing text 'miranda00@ot1solidtest01.com' into text field 'id=com.vistracks:id/accountNameEt'</msg>
<status status="PASS" starttime="20210504 20:09:06.960" endtime="20210504 20:09:07.093"></status>
</kw>
<status status="PASS" starttime="20210504 20:09:06.851" endtime="20210504 20:09:07.094"></status>
</kw>
<kw name="Input Driver password" library="Login">
<arguments>
<arg>${password}</arg>
</arguments>
<kw name="Wait Until Element Is Visible" library="AppiumLibrary">
<doc>Waits until element specified with `locator` is visible.</doc>
<arguments>
<arg>id=com.vistracks:id/passwordEt</arg>
</arguments>
<status status="PASS" starttime="20210504 20:09:07.095" endtime="20210504 20:09:07.792"></status>
</kw>
<kw name="Input Text" library="AppiumLibrary">
<doc>Types the given `text` into text field identified by `locator`.</doc>
<arguments>
<arg>id=com.vistracks:id/passwordEt</arg>
<arg>${password}</arg>
</arguments>
<msg timestamp="20210504 20:09:07.795" level="INFO">Typing text '1234' into text field 'id=com.vistracks:id/passwordEt'</msg>
<status status="PASS" starttime="20210504 20:09:07.793" endtime="20210504 20:09:08.423"></status>
</kw>
<status status="PASS" starttime="20210504 20:09:07.094" endtime="20210504 20:09:08.423"></status>
</kw>
<kw name="Click Login button" library="Login">
<kw name="Click Element" library="AppiumLibrary">
<doc>Click element identified by `locator`.</doc>
<arguments>
<arg>id=com.vistracks:id/loginBtn</arg>
</arguments>
<msg timestamp="20210504 20:09:08.427" level="INFO">Clicking element 'id=com.vistracks:id/loginBtn'.</msg>
<status status="PASS" starttime="20210504 20:09:08.425" endtime="20210504 20:09:09.014"></status>
</kw>
<status status="PASS" starttime="20210504 20:09:08.424" endtime="20210504 20:09:09.014"></status>
</kw>
<kw name="Wait for Syncing Account Data" library="Login">
<kw name="Wait Until Element Is Visible" library="AppiumLibrary">
<doc>Waits until element specified with `locator` is visible.</doc>
<arguments>
<arg>id=com.vistracks:id/syncDialogTitle</arg>
<arg>timeout=60s</arg>
</arguments>
<msg timestamp="20210504 20:10:09.601" level="INFO">&lt;?xml version='1.0' encoding='UTF-8' standalone='yes' ?&gt;
&lt;hierarchy index="0" class="hierarchy" rotation="0" width="1080" height="1794"&gt;
  &lt;android.widget.FrameLayout index="0" package="com.google.android.apps.nexuslauncher" class="android.widget.FrameLayout" text="" checkable="false" checked="false" clickable="false" enabled="true" focusable="false" focused="false" long-clickable="false" password="false" scrollable="false" selected="false" bounds="[0,0][1080,1794]" displayed="true"&gt;
    &lt;android.widget.LinearLayout index="0" package="com.google.android.apps.nexuslauncher" class="android.widget.LinearLayout" text="" checkable="false" checked="false" clickable="false" enabled="true" focusable="false" focused="false" long-clickable="false" password="false" scrollable="false" selected="false" bounds="[0,0][1080,1794]" displayed="true"&gt;
      &lt;android.widget.FrameLayout index="0" package="com.google.android.apps.nexuslauncher" class="android.widget.FrameLayout" text="" resource-id="android:id/content" checkable="false" checked="false" clickable="false" enabled="true" focusable="false" focused="false" long-clickable="false" password="false" scrollable="false" selected="false" bounds="[0,0][1080,1794]" displayed="true"&gt;
        &lt;android.widget.FrameLayout index="0" package="com.google.android.apps.nexuslauncher" class="android.widget.FrameLayout" text="" resource-id="com.google.android.apps.nexuslauncher:id/launcher" checkable="false" checked="false" clickable="false" enabled="true" focusable="false" focused="false" long-clickable="false" password="false" scrollable="false" selected="false" bounds="[0,0][1080,1794]" displayed="true"&gt;
          &lt;android.widget.FrameLayout index="0" package="com.google.android.apps.nexuslauncher" class="android.widget.FrameLayout" text="" resource-id="com.google.android.apps.nexuslauncher:id/drag_layer" checkable="false" checked="false" clickable="false" enabled="true" focusable="false" focused="false" long-clickable="false" password="false" scrollable="false" selected="false" bounds="[0,0][1080,1794]" displayed="true"&gt;
            &lt;android.view.View index="0" package="com.google.android.apps.nexuslauncher" class="android.view.View" text="" resource-id="com.google.android.apps.nexuslauncher:id/scrim_view" checkable="false" checked="false" clickable="false" enabled="true" focusable="false" focused="false" long-clickable="false" password="false" scrollable="false" selected="false" bounds="[0,0][1080,1794]" displayed="true"&gt;
              &lt;android.view.View index="0" package="com.google.android.apps.nexuslauncher" class="android.view.View" text="" content-desc="Apps list" checkable="false" checked="false" clickable="true" enabled="true" focusable="true" focused="false" long-clickable="false" password="false" scrollable="false" selected="false" bounds="[508,1345][571,1408]" displayed="true" /&gt;
            &lt;/android.view.View&gt;
            &lt;android.widget.ScrollView index="1" package="com.google.android.apps.nexuslauncher" class="android.widget.ScrollView" text="" resource-id="com.google.android.apps.nexuslauncher:id/workspace" checkable="false" checked="false" clickable="false" enabled="true" focusable="false" focused="false" long-clickable="false" password="false" scrollable="false" selected="false" bounds="[0,0][1080,1794]" displayed="true"&gt;
              &lt;android.view.ViewGroup index="0" package="com.google.android.apps.nexuslauncher" class="android.view.ViewGroup" text="" checkable="false" checked="false" clickable="false" enabled="true" focusable="false" focused="false" long-clickable="false" password="false" scrollable="false" selected="false" bounds="[21,84][1059,1377]" displayed="true"&gt;
                &lt;android.view.ViewGroup index="0" package="com.google.android.apps.nexuslauncher" class="android.view.ViewGroup" text="" resource-id="com.google.android.apps.nexuslauncher:id/workspace_page_container" checkable="false" checked="false" clickable="false" enabled="true" focusable="false" focused="false" long-clickable="false" password="false" scrollable="false" selected="false" bounds="[35,84][1045,1377]" displayed="true"&gt;
                  &lt;android.widget.FrameLayout index="0" package="com.google.android.apps.nexuslauncher" class="android.widget.FrameLayout" text="" resource-id="com.google.android.apps.nexuslauncher:id/search_container_workspace" checkable="false" checked="false" clickable="true" enabled="true" focusable="true" focused="false" long-clickable="true" password="false" scrollable="false" selected="false" bounds="[35,84][1045,342]" displayed="true"&gt;
                    &lt;android.widget.LinearLayout index="0" package="com.google.android.apps.nexuslauncher" class="android.widget.LinearLayout" text="" resource-id="com.google.android.apps.nexuslauncher:id/smartspace_content" checkable="false" checked="false" clickable="false" enabled="true" focusable="false" focused="false" long-clickable="false" password="false" scrollable="false" selected="false" bounds="[298,84][781,342]" displayed="true"&gt;
                      &lt;android.widget.TextView index="0" package="com.google.android.apps.nexuslauncher" class="android.widget.TextView" text="Tuesday, May 4" content-desc="Tuesday, May 4" resource-id="com.google.android.apps.nexuslauncher:id/clock" checkable="false" checked="false" clickable="true" enabled="true" focusable="true" focused="false" long-clickable="true" password="false" scrollable="false" selected="false" bounds="[298,84][781,342]" displayed="true" /&gt;
                    &lt;/android.widget.LinearLayout&gt;
                  &lt;/android.widget.FrameLayout&gt;
                &lt;/android.view.ViewGroup&gt;
              &lt;/android.view.ViewGroup&gt;
            &lt;/android.widget.ScrollView&gt;
            &lt;android.view.View index="2" package="com.google.android.apps.nexuslauncher" class="android.view.View" text="" resource-id="com.google.android.apps.nexuslauncher:id/page_indicator" checkable="false" checked="false" clickable="false" enabled="true" focusable="false" focused="false" long-clickable="false" password="false" scrollable="false" selected="false" bounds="[0,1345][1080,1408]" displayed="true" /&gt;
            &lt;android.widget.FrameLayout index="3" package="com.google.android.apps.nexuslauncher" class="android.widget.FrameLayout" text="" resource-id="com.google.android.apps.nexuslauncher:id/hotseat" checkable="false" checked="false" clickable="false" enabled="true" focusable="false" focused="false" long-clickable="false" password="false" scrollable="false" selected="false" bounds="[0,1408][1080,1794]" displayed="true"&gt;
              &lt;android.view.ViewGroup index="0" package="com.google.android.apps.nexuslauncher" class="android.view.ViewGroup" text="" resource-id="com.google.android.apps.nexuslauncher:id/layout" checkable="false" checked="false" clickable="false" enabled="true" focusable="false" focused="false" long-clickable="false" password="false" scrollable="false" selected="false" bounds="[0,1408][1080,1794]" displayed="true"&gt;
                &lt;android.view.ViewGroup index="0" package="com.google.android.apps.nexuslauncher" class="android.view.ViewGroup" text="" checkable="false" checked="false" clickable="false" enabled="true" focusable="false" focused="false" long-clickable="false" password="false" scrollable="false" selected="false" bounds="[35,1408][1045,1592]" displayed="true"&gt;
                  &lt;android.widget.TextView index="0" package="com.google.android.apps.nexuslauncher" class="android.widget.TextView" text="Phone" content-desc="Phone" checkable="false" checked="false" clickable="true" enabled="true" focusable="true" focused="false" long-clickable="true" password="false" scrollable="false" selected="false" bounds="[35,1408][237,1592]" displayed="true" /&gt;
                  &lt;android.widget.TextView index="1" package="com.google.android.apps.nexuslauncher" class="android.widget.TextView" text="Messages" content-desc="Messages" checkable="false" checked="false" clickable="true" enabled="true" focusable="true" focused="false" long-clickable="true" password="false" scrollable="false" selected="false" bounds="[237,1408][439,1592]" displayed="true" /&gt;
                  &lt;android.widget.TextView index="2" package="com.google.android.apps.nexuslauncher" class="android.widget.TextView" text="Play Store" content-desc="Play Store" checkable="false" checked="false" clickable="true" enabled="true" focusable="true" focused="false" long-clickable="true" password="false" scrollable="false" selected="false" bounds="[439,1408][641,1592]" displayed="true" /&gt;
                  &lt;android.widget.TextView index="3" package="com.google.android.apps.nexuslauncher" class="android.widget.TextView" text="Chrome" content-desc="Chrome" checkable="false" checked="false" clickable="true" enabled="true" focusable="true" focused="false" long-clickable="true" password="false" scrollable="false" selected="false" bounds="[641,1408][843,1592]" displayed="true" /&gt;
                &lt;/android.view.ViewGroup&gt;
              &lt;/android.view.ViewGroup&gt;
              &lt;android.widget.FrameLayout index="1" package="com.google.android.apps.nexuslauncher" class="android.widget.FrameLayout" text="" content-desc="Search" resource-id="com.google.android.apps.nexuslauncher:id/search_container_hotseat" checkable="false" checked="false" clickable="true" enabled="true" focusable="true" focused="false" long-clickable="true" password="false" scrollable="false" selected="false" bounds="[53,1642][1026,1789]" displayed="true"&gt;
                &lt;android.widget.ImageView index="0" package="com.google.android.apps.nexuslauncher" class="android.widget.ImageView" text="" resource-id="com.google.android.apps.nexuslauncher:id/g_icon" checkable="false" checked="false" clickable="false" enabled="true" focusable="false" focused="false" long-clickable="false" password="false" scrollable="false" selected="false" bounds="[104,1684][167,1747]" displayed="true" /&gt;
                &lt;android.view.View index="2" package="com.google.android.apps.nexuslauncher" class="android.view.View" text="" content-desc="Voice search" resource-id="com.google.android.apps.nexuslauncher:id/mic_icon" checkable="false" checked="false" clickable="true" enabled="true" focusable="false" focused="false" long-clickable="false" password="false" scrollable="false" selected="false" bounds="[864,1642][1011,1789]" displayed="true" /&gt;
              &lt;/android.widget.FrameLayout&gt;
            &lt;/android.widget.FrameLayout&gt;
          &lt;/android.widget.FrameLayout&gt;
        &lt;/android.widget.FrameLayout&gt;
      &lt;/android.widget.FrameLayout&gt;
    &lt;/android.widget.LinearLayout&gt;
  &lt;/android.widget.FrameLayout&gt;
&lt;/hierarchy&gt;</msg>
<kw name="Capture Page Screenshot" library="AppiumLibrary">
<doc>Takes a screenshot of the current page and embeds it into the log.</doc>
<msg timestamp="20210504 20:10:10.540" level="INFO" html="yes">&lt;/td&gt;&lt;/tr&gt;&lt;tr&gt;&lt;td colspan="3"&gt;&lt;a href="appium-screenshot-1.png"&gt;&lt;img src="appium-screenshot-1.png" width="800px"&gt;&lt;/a&gt;</msg>
<status status="PASS" starttime="20210504 20:10:09.602" endtime="20210504 20:10:10.540"></status>
</kw>
<msg timestamp="20210504 20:10:10.542" level="FAIL">Element locator 'id=com.vistracks:id/syncDialogTitle' did not match any elements after 1 minute</msg>
<status status="FAIL" starttime="20210504 20:09:09.015" endtime="20210504 20:10:10.542"></status>
</kw>
<status status="FAIL" starttime="20210504 20:09:09.015" endtime="20210504 20:10:10.542"></status>
</kw>
<status status="FAIL" starttime="20210504 20:09:06.850" endtime="20210504 20:10:10.543"></status>
</kw>
<status status="FAIL" starttime="20210504 20:08:47.436" endtime="20210504 20:10:10.543"></status>
</kw>
<status status="FAIL" starttime="20210504 20:08:47.435" endtime="20210504 20:10:10.543"></status>
</kw>
<status status="FAIL" starttime="20210504 20:08:47.434" endtime="20210504 20:10:10.543" critical="yes">Element locator 'id=com.vistracks:id/syncDialogTitle' did not match any elements after 1 minute</status>
</test>
<test id="s1-t2" name="Driving Routine two - 02">
<kw name="Run Driving Routine With Multiple Drivers">
<tags>
<tag>DriverStatus</tag>
</tags>
<doc>Driver certifying logs routine</doc>
<arguments>
<arg>miranda02@ot1solidtest01.com</arg>
<arg>1234</arg>
<arg>2s</arg>
<arg>miranda04@ot1solidtest01.com</arg>
</arguments>
<kw name="Driving Routine Unid Events" library="DrivingRoutines">
<arguments>
<arg>${user}</arg>
<arg>${password}</arg>
</arguments>
<kw name="Log To Console" library="BuiltIn">
<doc>Logs the given message to the console.</doc>
<arguments>
<arg>${user}</arg>
</arguments>
<status status="PASS" starttime="20210504 20:10:10.547" endtime="20210504 20:10:10.547"></status>
</kw>
<kw name="Log To Console" library="BuiltIn">
<doc>Logs the given message to the console.</doc>
<arguments>
<arg>${password}</arg>
</arguments>
<status status="PASS" starttime="20210504 20:10:10.547" endtime="20210504 20:10:10.548"></status>
</kw>
<kw name="Log To Console" library="BuiltIn">
<doc>Logs the given message to the console.</doc>
<arguments>
<arg>${user}</arg>
</arguments>
<status status="PASS" starttime="20210504 20:10:10.548" endtime="20210504 20:10:10.548"></status>
</kw>
<kw name="Log To Console" library="BuiltIn">
<doc>Logs the given message to the console.</doc>
<arguments>
<arg>${password}</arg>
</arguments>
<status status="PASS" starttime="20210504 20:10:10.549" endtime="20210504 20:10:10.549"></status>
</kw>
<kw name="Open vistracks" library="Common">
<kw name="Open Application" library="AppiumLibrary">
<doc>Opens a new application to given Appium server.
Capabilities of appium server, Android and iOS,
Please check https://github.com/appium/appium/blob/master/docs/en/writing-running-appium/server-args.md
| *Option*            | *Man.* | *Description*     |
| remote_url          | Yes    | Appium server url |
| alias               | no     | alias             |</doc>
<arguments>
<arg>${REMOTE_URL}</arg>
<arg>platformName=${PLATFORM_NAME}</arg>
<arg>platformVersion=${PLATFORM_VERSION}</arg>
<arg>deviceName=${DEVICE_NAME}</arg>
<arg>automationName=UiAutomator2</arg>
<arg>noReset=False</arg>
<arg>autoGrantPermissions=True</arg>
<arg>newCommandTimeout=2500</arg>
<arg>appActivity=${Activity_NAME}</arg>
<arg>appPackage=${PACKAGE_NAME}</arg>
</arguments>
<status status="PASS" starttime="20210504 20:10:10.550" endtime="20210504 20:10:27.332"></status>
</kw>
<status status="PASS" starttime="20210504 20:10:10.550" endtime="20210504 20:10:27.332"></status>
</kw>
<kw name="Accept license" library="Common">
<kw name="Verify license button loaded" library="Login">
<kw name="Wait Until Element Is Visible" library="AppiumLibrary">
<doc>Waits until element specified with `locator` is visible.</doc>
<arguments>
<arg>id=com.vistracks:id/acceptBtn</arg>
<arg>timeout=60</arg>
</arguments>
<status status="PASS" starttime="20210504 20:10:27.334" endtime="20210504 20:10:27.602"></status>
</kw>
<status status="PASS" starttime="20210504 20:10:27.333" endtime="20210504 20:10:27.603"></status>
</kw>
<kw name="Click license button" library="Login">
<kw name="Click Element" library="AppiumLibrary">
<doc>Click element identified by `locator`.</doc>
<arguments>
<arg>id=com.vistracks:id/acceptBtn</arg>
</arguments>
<msg timestamp="20210504 20:10:27.607" level="INFO">Clicking element 'id=com.vistracks:id/acceptBtn'.</msg>
<status status="PASS" starttime="20210504 20:10:27.604" endtime="20210504 20:10:27.773"></status>
</kw>
<status status="PASS" starttime="20210504 20:10:27.603" endtime="20210504 20:10:27.773"></status>
</kw>
<kw name="Verify account name loaded" library="Login">
<kw name="Wait Until Element Is Visible" library="AppiumLibrary">
<doc>Waits until element specified with `locator` is visible.</doc>
<arguments>
<arg>id=com.vistracks:id/accountNameEt</arg>
<arg>timeout=60</arg>
</arguments>
<status status="PASS" starttime="20210504 20:10:27.774" endtime="20210504 20:10:29.453"></status>
</kw>
<status status="PASS" starttime="20210504 20:10:27.774" endtime="20210504 20:10:29.454"></status>
</kw>
<status status="PASS" starttime="20210504 20:10:27.332" endtime="20210504 20:10:29.454"></status>
</kw>
<kw name="Login with Driver data" library="Common">
<arguments>
<arg>${user}</arg>
<arg>${password}</arg>
</arguments>
<kw name="Input Driver user" library="Login">
<arguments>
<arg>${user}</arg>
</arguments>
<kw name="Wait Until Element Is Visible" library="AppiumLibrary">
<doc>Waits until element specified with `locator` is visible.</doc>
<arguments>
<arg>id=com.vistracks:id/accountNameEt</arg>
</arguments>
<status status="PASS" starttime="20210504 20:10:29.456" endtime="20210504 20:10:29.535"></status>
</kw>
<kw name="Input Text" library="AppiumLibrary">
<doc>Types the given `text` into text field identified by `locator`.</doc>
<arguments>
<arg>id=com.vistracks:id/accountNameEt</arg>
<arg>${user}</arg>
</arguments>
<msg timestamp="20210504 20:10:29.538" level="INFO">Typing text 'miranda02@ot1solidtest01.com' into text field 'id=com.vistracks:id/accountNameEt'</msg>
<status status="PASS" starttime="20210504 20:10:29.536" endtime="20210504 20:10:29.707"></status>
</kw>
<status status="PASS" starttime="20210504 20:10:29.455" endtime="20210504 20:10:29.708"></status>
</kw>
<kw name="Input Driver password" library="Login">
<arguments>
<arg>${password}</arg>
</arguments>
<kw name="Wait Until Element Is Visible" library="AppiumLibrary">
<doc>Waits until element specified with `locator` is visible.</doc>
<arguments>
<arg>id=com.vistracks:id/passwordEt</arg>
</arguments>
<status status="PASS" starttime="20210504 20:10:29.709" endtime="20210504 20:10:30.415"></status>
</kw>
<kw name="Input Text" library="AppiumLibrary">
<doc>Types the given `text` into text field identified by `locator`.</doc>
<arguments>
<arg>id=com.vistracks:id/passwordEt</arg>
<arg>${password}</arg>
</arguments>
<msg timestamp="20210504 20:10:30.418" level="INFO">Typing text '1234' into text field 'id=com.vistracks:id/passwordEt'</msg>
<status status="PASS" starttime="20210504 20:10:30.415" endtime="20210504 20:10:31.071"></status>
</kw>
<status status="PASS" starttime="20210504 20:10:29.708" endtime="20210504 20:10:31.071"></status>
</kw>
<kw name="Click Login button" library="Login">
<kw name="Click Element" library="AppiumLibrary">
<doc>Click element identified by `locator`.</doc>
<arguments>
<arg>id=com.vistracks:id/loginBtn</arg>
</arguments>
<msg timestamp="20210504 20:10:31.074" level="INFO">Clicking element 'id=com.vistracks:id/loginBtn'.</msg>
<status status="PASS" starttime="20210504 20:10:31.072" endtime="20210504 20:10:31.649"></status>
</kw>
<status status="PASS" starttime="20210504 20:10:31.071" endtime="20210504 20:10:31.649"></status>
</kw>
<kw name="Wait for Syncing Account Data" library="Login">
<kw name="Wait Until Element Is Visible" library="AppiumLibrary">
<doc>Waits until element specified with `locator` is visible.</doc>
<arguments>
<arg>id=com.vistracks:id/syncDialogTitle</arg>
<arg>timeout=60s</arg>
</arguments>
<status status="PASS" starttime="20210504 20:10:31.651" endtime="20210504 20:10:38.444"></status>
</kw>
<kw name="Wait Until Page Does Not Contain Element" library="AppiumLibrary">
<doc>Waits until element specified with `locator` disappears from current page.</doc>
<arguments>
<arg>id=com.vistracks:id/syncDialogTitle</arg>
<arg>timeout=60s</arg>
</arguments>
<status status="PASS" starttime="20210504 20:10:38.444" endtime="20210504 20:10:50.909"></status>
</kw>
<kw name="Get Matching Xpath Count" library="AppiumLibrary">
<doc>Returns number of elements matching ``xpath``</doc>
<arguments>
<arg>xpath=//*[@text="Some accounts failed to sync."]</arg>
</arguments>
<assign>
<var>${count}</var>
</assign>
<msg timestamp="20210504 20:10:52.038" level="INFO">${count} = 0</msg>
<status status="PASS" starttime="20210504 20:10:50.909" endtime="20210504 20:10:52.038"></status>
</kw>
<kw name="Run Keyword If" library="BuiltIn">
<doc>Runs the given keyword with the given arguments, if ``condition`` is true.</doc>
<arguments>
<arg>${count} == 0</arg>
<arg>sleep</arg>
<arg>0.5s</arg>
<arg>ELSE</arg>
<arg>run keywords</arg>
<arg>click element</arg>
<arg>xpath=//*[@text="YES"]</arg>
<arg>AND</arg>
<arg>wait until page does not contain element</arg>
<arg>id=com.vistracks:id/syncDialogTitle</arg>
<arg>timeout=60s</arg>
</arguments>
<kw name="Sleep" library="BuiltIn">
<doc>Pauses the test executed for the given time.</doc>
<arguments>
<arg>0.5s</arg>
</arguments>
<msg timestamp="20210504 20:10:52.542" level="INFO">Slept 500 milliseconds</msg>
<status status="PASS" starttime="20210504 20:10:52.039" endtime="20210504 20:10:52.542"></status>
</kw>
<status status="PASS" starttime="20210504 20:10:52.038" endtime="20210504 20:10:52.542"></status>
</kw>
<status status="PASS" starttime="20210504 20:10:31.650" endtime="20210504 20:10:52.542"></status>
</kw>
<kw name="Wait for Preparing logs" library="Login">
<kw name="Wait Until Element Is Visible" library="AppiumLibrary">
<doc>Waits until element specified with `locator` is visible.</doc>
<arguments>
<arg>id=com.vistracks:id/splashLogoIV</arg>
<arg>timeout=45</arg>
</arguments>
<status status="PASS" starttime="20210504 20:10:52.543" endtime="20210504 20:10:52.759"></status>
</kw>
<kw name="Wait Until Page Does Not Contain Element" library="AppiumLibrary">
<doc>Waits until element specified with `locator` disappears from current page.</doc>
<arguments>
<arg>id=com.vistracks:id/splashLogoIV</arg>
<arg>timeout=45</arg>
</arguments>
<status status="PASS" starttime="20210504 20:10:52.760" endtime="20210504 20:11:06.123"></status>
</kw>
<status status="PASS" starttime="20210504 20:10:52.543" endtime="20210504 20:11:06.123"></status>
</kw>
<kw name="Sleep" library="BuiltIn">
<doc>Pauses the test executed for the given time.</doc>
<arguments>
<arg>7s</arg>
</arguments>
<msg timestamp="20210504 20:11:13.125" level="INFO">Slept 7 seconds</msg>
<status status="PASS" starttime="20210504 20:11:06.124" endtime="20210504 20:11:13.125"></status>
</kw>
<status status="PASS" starttime="20210504 20:10:29.454" endtime="20210504 20:11:13.125"></status>
</kw>
<kw name="Dismiss Uncertified Logs" library="ChangeStatus">
<kw name="Add missing data Location" library="ChangeStatus">
<kw name="Get Matching Xpath Count" library="AppiumLibrary">
<doc>Returns number of elements matching ``xpath``</doc>
<arguments>
<arg>xpath=//*[@text="Clear Missing Data Elements: Location"]</arg>
</arguments>
<assign>
<var>${count}</var>
</assign>
<msg timestamp="20210504 20:11:13.262" level="INFO">${count} = 0</msg>
<status status="PASS" starttime="20210504 20:11:13.126" endtime="20210504 20:11:13.262"></status>
</kw>
<kw name="Run Keyword If" library="BuiltIn">
<doc>Runs the given keyword with the given arguments, if ``condition`` is true.</doc>
<arguments>
<arg>${count} &gt; 0</arg>
<arg>Input Text</arg>
<arg>id=com.vistracks:id/locationET</arg>
<arg>TestLocation</arg>
</arguments>
<status status="PASS" starttime="20210504 20:11:13.263" endtime="20210504 20:11:13.263"></status>
</kw>
<kw name="Run Keyword If" library="BuiltIn">
<doc>Runs the given keyword with the given arguments, if ``condition`` is true.</doc>
<arguments>
<arg>${count} &gt; 0</arg>
<arg>Click Element</arg>
<arg>id=com.vistracks:id/missingLocationsBtn</arg>
</arguments>
<status status="PASS" starttime="20210504 20:11:13.263" endtime="20210504 20:11:13.264"></status>
</kw>
<kw name="Run Keyword If" library="BuiltIn">
<doc>Runs the given keyword with the given arguments, if ``condition`` is true.</doc>
<arguments>
<arg>${count} &gt; 0</arg>
<arg>sleep</arg>
<arg>2s</arg>
</arguments>
<status status="PASS" starttime="20210504 20:11:13.264" endtime="20210504 20:11:13.264"></status>
</kw>
<kw name="Run Keyword If" library="BuiltIn">
<doc>Runs the given keyword with the given arguments, if ``condition`` is true.</doc>
<arguments>
<arg>${count} &gt; 0</arg>
<arg>go back</arg>
</arguments>
<status status="PASS" starttime="20210504 20:11:13.264" endtime="20210504 20:11:13.265"></status>
</kw>
<kw name="Run Keyword If" library="BuiltIn">
<doc>Runs the given keyword with the given arguments, if ``condition`` is true.</doc>
<arguments>
<arg>${count} &gt; 0</arg>
<arg>sleep</arg>
<arg>2s</arg>
</arguments>
<status status="PASS" starttime="20210504 20:11:13.265" endtime="20210504 20:11:13.265"></status>
</kw>
<kw name="Run Keyword If" library="BuiltIn">
<doc>Runs the given keyword with the given arguments, if ``condition`` is true.</doc>
<arguments>
<arg>${count} &gt; 0</arg>
<arg>go back</arg>
</arguments>
<status status="PASS" starttime="20210504 20:11:13.265" endtime="20210504 20:11:13.266"></status>
</kw>
<status status="PASS" starttime="20210504 20:11:13.126" endtime="20210504 20:11:13.266"></status>
</kw>
<kw name="Switch To Intrastate Driving Rules" library="ChangeStatus">
<kw name="Get Matching Xpath Count" library="AppiumLibrary">
<doc>Returns number of elements matching ``xpath``</doc>
<arguments>
<arg>xpath=//*[@text="Switch To Intrastate Driving Rules"]</arg>
</arguments>
<assign>
<var>${count0}</var>
</assign>
<msg timestamp="20210504 20:11:13.395" level="INFO">${count0} = 0</msg>
<status status="PASS" starttime="20210504 20:11:13.266" endtime="20210504 20:11:13.395"></status>
</kw>
<kw name="Run Keyword If" library="BuiltIn">
<doc>Runs the given keyword with the given arguments, if ``condition`` is true.</doc>
<arguments>
<arg>${count0} &gt; 0</arg>
<arg>click element</arg>
<arg>id=com.vistracks:id/standardPositiveBtn</arg>
</arguments>
<status status="PASS" starttime="20210504 20:11:13.395" endtime="20210504 20:11:13.396"></status>
</kw>
<kw name="Sleep" library="BuiltIn">
<doc>Pauses the test executed for the given time.</doc>
<arguments>
<arg>1s</arg>
</arguments>
<msg timestamp="20210504 20:11:14.397" level="INFO">Slept 1 second</msg>
<status status="PASS" starttime="20210504 20:11:13.396" endtime="20210504 20:11:14.397"></status>
</kw>
<status status="PASS" starttime="20210504 20:11:13.266" endtime="20210504 20:11:14.397"></status>
</kw>
<kw name="Get Matching Xpath Count" library="AppiumLibrary">
<doc>Returns number of elements matching ``xpath``</doc>
<arguments>
<arg>xpath=//*[@text="Uncertified Log(s)"]</arg>
</arguments>
<assign>
<var>${count}</var>
</assign>
<msg timestamp="20210504 20:11:14.528" level="INFO">${count} = 1</msg>
<status status="PASS" starttime="20210504 20:11:14.397" endtime="20210504 20:11:14.528"></status>
</kw>
<kw name="Run Keyword If" library="BuiltIn">
<doc>Runs the given keyword with the given arguments, if ``condition`` is true.</doc>
<arguments>
<arg>${count} &gt; 0</arg>
<arg>click element</arg>
<arg>xpath=//*[@text="OK"]</arg>
</arguments>
<kw name="Click Element" library="AppiumLibrary">
<doc>Click element identified by `locator`.</doc>
<arguments>
<arg>xpath=//*[@text="OK"]</arg>
</arguments>
<msg timestamp="20210504 20:11:14.532" level="INFO">Clicking element 'xpath=//*[@text="OK"]'.</msg>
<status status="PASS" starttime="20210504 20:11:14.529" endtime="20210504 20:11:15.390"></status>
</kw>
<status status="PASS" starttime="20210504 20:11:14.528" endtime="20210504 20:11:15.390"></status>
</kw>
<status status="PASS" starttime="20210504 20:11:13.125" endtime="20210504 20:11:15.391"></status>
</kw>
<kw name="Dismiss Pending Requests" library="ChangeStatus">
<kw name="Sleep" library="BuiltIn">
<doc>Pauses the test executed for the given time.</doc>
<arguments>
<arg>1.5s</arg>
</arguments>
<msg timestamp="20210504 20:11:16.894" level="INFO">Slept 1 second 500 milliseconds</msg>
<status status="PASS" starttime="20210504 20:11:15.392" endtime="20210504 20:11:16.894"></status>
</kw>
<kw name="Get Matching Xpath Count" library="AppiumLibrary">
<doc>Returns number of elements matching ``xpath``</doc>
<arguments>
<arg>xpath=//*[@text="Action"]</arg>
</arguments>
<assign>
<var>${count}</var>
</assign>
<msg timestamp="20210504 20:11:17.031" level="INFO">${count} = 0</msg>
<status status="PASS" starttime="20210504 20:11:16.894" endtime="20210504 20:11:17.031"></status>
</kw>
<kw name="Run Keyword If" library="BuiltIn">
<doc>Runs the given keyword with the given arguments, if ``condition`` is true.</doc>
<arguments>
<arg>${count} &gt; 0</arg>
<arg>click element</arg>
<arg>xpath=//*[@text="CANCEL"]</arg>
</arguments>
<status status="PASS" starttime="20210504 20:11:17.031" endtime="20210504 20:11:17.032"></status>
</kw>
<status status="PASS" starttime="20210504 20:11:15.391" endtime="20210504 20:11:17.032"></status>
</kw>
<kw name="Dismiss Uncertified Logs" library="ChangeStatus">
<kw name="Add missing data Location" library="ChangeStatus">
<kw name="Get Matching Xpath Count" library="AppiumLibrary">
<doc>Returns number of elements matching ``xpath``</doc>
<arguments>
<arg>xpath=//*[@text="Clear Missing Data Elements: Location"]</arg>
</arguments>
<assign>
<var>${count}</var>
</assign>
<msg timestamp="20210504 20:11:17.189" level="INFO">${count} = 0</msg>
<status status="PASS" starttime="20210504 20:11:17.034" endtime="20210504 20:11:17.189"></status>
</kw>
<kw name="Run Keyword If" library="BuiltIn">
<doc>Runs the given keyword with the given arguments, if ``condition`` is true.</doc>
<arguments>
<arg>${count} &gt; 0</arg>
<arg>Input Text</arg>
<arg>id=com.vistracks:id/locationET</arg>
<arg>TestLocation</arg>
</arguments>
<status status="PASS" starttime="20210504 20:11:17.189" endtime="20210504 20:11:17.190"></status>
</kw>
<kw name="Run Keyword If" library="BuiltIn">
<doc>Runs the given keyword with the given arguments, if ``condition`` is true.</doc>
<arguments>
<arg>${count} &gt; 0</arg>
<arg>Click Element</arg>
<arg>id=com.vistracks:id/missingLocationsBtn</arg>
</arguments>
<status status="PASS" starttime="20210504 20:11:17.190" endtime="20210504 20:11:17.191"></status>
</kw>
<kw name="Run Keyword If" library="BuiltIn">
<doc>Runs the given keyword with the given arguments, if ``condition`` is true.</doc>
<arguments>
<arg>${count} &gt; 0</arg>
<arg>sleep</arg>
<arg>2s</arg>
</arguments>
<status status="PASS" starttime="20210504 20:11:17.191" endtime="20210504 20:11:17.192"></status>
</kw>
<kw name="Run Keyword If" library="BuiltIn">
<doc>Runs the given keyword with the given arguments, if ``condition`` is true.</doc>
<arguments>
<arg>${count} &gt; 0</arg>
<arg>go back</arg>
</arguments>
<status status="PASS" starttime="20210504 20:11:17.192" endtime="20210504 20:11:17.192"></status>
</kw>
<kw name="Run Keyword If" library="BuiltIn">
<doc>Runs the given keyword with the given arguments, if ``condition`` is true.</doc>
<arguments>
<arg>${count} &gt; 0</arg>
<arg>sleep</arg>
<arg>2s</arg>
</arguments>
<status status="PASS" starttime="20210504 20:11:17.193" endtime="20210504 20:11:17.193"></status>
</kw>
<kw name="Run Keyword If" library="BuiltIn">
<doc>Runs the given keyword with the given arguments, if ``condition`` is true.</doc>
<arguments>
<arg>${count} &gt; 0</arg>
<arg>go back</arg>
</arguments>
<status status="PASS" starttime="20210504 20:11:17.193" endtime="20210504 20:11:17.193"></status>
</kw>
<status status="PASS" starttime="20210504 20:11:17.033" endtime="20210504 20:11:17.194"></status>
</kw>
<kw name="Switch To Intrastate Driving Rules" library="ChangeStatus">
<kw name="Get Matching Xpath Count" library="AppiumLibrary">
<doc>Returns number of elements matching ``xpath``</doc>
<arguments>
<arg>xpath=//*[@text="Switch To Intrastate Driving Rules"]</arg>
</arguments>
<assign>
<var>${count0}</var>
</assign>
<msg timestamp="20210504 20:11:17.354" level="INFO">${count0} = 0</msg>
<status status="PASS" starttime="20210504 20:11:17.194" endtime="20210504 20:11:17.354"></status>
</kw>
<kw name="Run Keyword If" library="BuiltIn">
<doc>Runs the given keyword with the given arguments, if ``condition`` is true.</doc>
<arguments>
<arg>${count0} &gt; 0</arg>
<arg>click element</arg>
<arg>id=com.vistracks:id/standardPositiveBtn</arg>
</arguments>
<status status="PASS" starttime="20210504 20:11:17.354" endtime="20210504 20:11:17.354"></status>
</kw>
<kw name="Sleep" library="BuiltIn">
<doc>Pauses the test executed for the given time.</doc>
<arguments>
<arg>1s</arg>
</arguments>
<msg timestamp="20210504 20:11:18.357" level="INFO">Slept 1 second</msg>
<status status="PASS" starttime="20210504 20:11:17.355" endtime="20210504 20:11:18.357"></status>
</kw>
<status status="PASS" starttime="20210504 20:11:17.194" endtime="20210504 20:11:18.357"></status>
</kw>
<kw name="Get Matching Xpath Count" library="AppiumLibrary">
<doc>Returns number of elements matching ``xpath``</doc>
<arguments>
<arg>xpath=//*[@text="Uncertified Log(s)"]</arg>
</arguments>
<assign>
<var>${count}</var>
</assign>
<msg timestamp="20210504 20:11:18.987" level="INFO">${count} = 0</msg>
<status status="PASS" starttime="20210504 20:11:18.357" endtime="20210504 20:11:18.987"></status>
</kw>
<kw name="Run Keyword If" library="BuiltIn">
<doc>Runs the given keyword with the given arguments, if ``condition`` is true.</doc>
<arguments>
<arg>${count} &gt; 0</arg>
<arg>click element</arg>
<arg>xpath=//*[@text="OK"]</arg>
</arguments>
<status status="PASS" starttime="20210504 20:11:18.988" endtime="20210504 20:11:18.988"></status>
</kw>
<status status="PASS" starttime="20210504 20:11:17.033" endtime="20210504 20:11:18.989"></status>
</kw>
<kw name="Add Driving status" library="Common">
<kw name="Enable debug mode" library="ChangeStatus">
<kw name="Wait Until Element Is Visible" library="AppiumLibrary">
<doc>Waits until element specified with `locator` is visible.</doc>
<arguments>
<arg>xpath=//android.widget.ImageButton[@content-desc="VisTracks"]</arg>
<arg>timeout=10</arg>
</arguments>
<status status="PASS" starttime="20210504 20:11:18.991" endtime="20210504 20:11:19.128"></status>
</kw>
<kw name="Click Element" library="AppiumLibrary">
<doc>Click element identified by `locator`.</doc>
<arguments>
<arg>xpath=//android.widget.ImageButton[@content-desc="VisTracks"]</arg>
</arguments>
<msg timestamp="20210504 20:11:19.130" level="INFO">Clicking element 'xpath=//android.widget.ImageButton[@content-desc="VisTracks"]'.</msg>
<status status="PASS" starttime="20210504 20:11:19.128" endtime="20210504 20:11:19.275"></status>
</kw>
<kw name="Wait Until Element Is Visible" library="AppiumLibrary">
<doc>Waits until element specified with `locator` is visible.</doc>
<arguments>
<arg>xpath=//*[@text="Settings"]</arg>
<arg>timeout=10</arg>
</arguments>
<status status="PASS" starttime="20210504 20:11:19.275" endtime="20210504 20:11:20.216"></status>
</kw>
<kw name="Click Element" library="AppiumLibrary">
<doc>Click element identified by `locator`.</doc>
<arguments>
<arg>xpath=//*[@text="Settings"]</arg>
</arguments>
<msg timestamp="20210504 20:11:20.218" level="INFO">Clicking element 'xpath=//*[@text="Settings"]'.</msg>
<status status="PASS" starttime="20210504 20:11:20.216" endtime="20210504 20:11:20.992"></status>
</kw>
<kw name="Sleep" library="BuiltIn">
<doc>Pauses the test executed for the given time.</doc>
<arguments>
<arg>1.5s</arg>
</arguments>
<msg timestamp="20210504 20:11:22.494" level="INFO">Slept 1 second 500 milliseconds</msg>
<status status="PASS" starttime="20210504 20:11:20.992" endtime="20210504 20:11:22.494"></status>
</kw>
<kw name="Swipe By Percent" library="AppiumLibrary">
<doc>Swipe from one percent of the screen to another percent, for an optional duration.
Normal swipe fails to scale for different screen resolutions, this can be avoided using percent.</doc>
<arguments>
<arg>40</arg>
<arg>80</arg>
<arg>50</arg>
<arg>20</arg>
<arg>1000</arg>
</arguments>
<status status="PASS" starttime="20210504 20:11:22.494" endtime="20210504 20:11:24.096"></status>
</kw>
<kw name="Sleep" library="BuiltIn">
<doc>Pauses the test executed for the given time.</doc>
<arguments>
<arg>1s</arg>
</arguments>
<msg timestamp="20210504 20:11:25.099" level="INFO">Slept 1 second</msg>
<status status="PASS" starttime="20210504 20:11:24.096" endtime="20210504 20:11:25.099"></status>
</kw>
<kw name="Swipe By Percent" library="AppiumLibrary">
<doc>Swipe from one percent of the screen to another percent, for an optional duration.
Normal swipe fails to scale for different screen resolutions, this can be avoided using percent.</doc>
<arguments>
<arg>40</arg>
<arg>80</arg>
<arg>50</arg>
<arg>20</arg>
<arg>1000</arg>
</arguments>
<status status="PASS" starttime="20210504 20:11:25.099" endtime="20210504 20:11:26.907"></status>
</kw>
<kw name="Sleep" library="BuiltIn">
<doc>Pauses the test executed for the given time.</doc>
<arguments>
<arg>1s</arg>
</arguments>
<msg timestamp="20210504 20:11:27.910" level="INFO">Slept 1 second</msg>
<status status="PASS" starttime="20210504 20:11:26.908" endtime="20210504 20:11:27.910"></status>
</kw>
<kw name="Click Element" library="AppiumLibrary">
<doc>Click element identified by `locator`.</doc>
<arguments>
<arg>xpath=//*[@text="Debugging"]</arg>
</arguments>
<msg timestamp="20210504 20:11:27.913" level="INFO">Clicking element 'xpath=//*[@text="Debugging"]'.</msg>
<status status="PASS" starttime="20210504 20:11:27.910" endtime="20210504 20:11:28.607"></status>
</kw>
<kw name="Wait Until Element Is Visible" library="AppiumLibrary">
<doc>Waits until element specified with `locator` is visible.</doc>
<arguments>
<arg>xpath=//*[@text="Debug"]</arg>
<arg>timeout=10</arg>
</arguments>
<msg timestamp="20210504 20:11:39.001" level="INFO">&lt;?xml version='1.0' encoding='UTF-8' standalone='yes' ?&gt;
&lt;hierarchy index="0" class="hierarchy" rotation="0" width="1080" height="1794"&gt;
  &lt;android.widget.FrameLayout index="0" package="com.google.android.apps.nexuslauncher" class="android.widget.FrameLayout" text="" checkable="false" checked="false" clickable="false" enabled="true" focusable="false" focused="false" long-clickable="false" password="false" scrollable="false" selected="false" bounds="[0,0][1080,1794]" displayed="true"&gt;
    &lt;android.widget.LinearLayout index="0" package="com.google.android.apps.nexuslauncher" class="android.widget.LinearLayout" text="" checkable="false" checked="false" clickable="false" enabled="true" focusable="false" focused="false" long-clickable="false" password="false" scrollable="false" selected="false" bounds="[0,0][1080,1794]" displayed="true"&gt;
      &lt;android.widget.FrameLayout index="0" package="com.google.android.apps.nexuslauncher" class="android.widget.FrameLayout" text="" resource-id="android:id/content" checkable="false" checked="false" clickable="false" enabled="true" focusable="false" focused="false" long-clickable="false" password="false" scrollable="false" selected="false" bounds="[0,0][1080,1794]" displayed="true"&gt;
        &lt;android.widget.FrameLayout index="0" package="com.google.android.apps.nexuslauncher" class="android.widget.FrameLayout" text="" resource-id="com.google.android.apps.nexuslauncher:id/launcher" checkable="false" checked="false" clickable="false" enabled="true" focusable="false" focused="false" long-clickable="false" password="false" scrollable="false" selected="false" bounds="[0,0][1080,1794]" displayed="true"&gt;
          &lt;android.widget.FrameLayout index="0" package="com.google.android.apps.nexuslauncher" class="android.widget.FrameLayout" text="" resource-id="com.google.android.apps.nexuslauncher:id/drag_layer" checkable="false" checked="false" clickable="false" enabled="true" focusable="false" focused="false" long-clickable="false" password="false" scrollable="false" selected="false" bounds="[0,0][1080,1794]" displayed="true"&gt;
            &lt;android.view.View index="0" package="com.google.android.apps.nexuslauncher" class="android.view.View" text="" resource-id="com.google.android.apps.nexuslauncher:id/scrim_view" checkable="false" checked="false" clickable="false" enabled="true" focusable="false" focused="false" long-clickable="false" password="false" scrollable="false" selected="false" bounds="[0,0][1080,1794]" displayed="true"&gt;
              &lt;android.view.View index="0" package="com.google.android.apps.nexuslauncher" class="android.view.View" text="" content-desc="Apps list" checkable="false" checked="false" clickable="true" enabled="true" focusable="true" focused="false" long-clickable="false" password="false" scrollable="false" selected="false" bounds="[508,1345][571,1408]" displayed="true" /&gt;
            &lt;/android.view.View&gt;
            &lt;android.widget.ScrollView index="1" package="com.google.android.apps.nexuslauncher" class="android.widget.ScrollView" text="" resource-id="com.google.android.apps.nexuslauncher:id/workspace" checkable="false" checked="false" clickable="false" enabled="true" focusable="false" focused="false" long-clickable="false" password="false" scrollable="false" selected="false" bounds="[0,0][1080,1794]" displayed="true"&gt;
              &lt;android.view.ViewGroup index="0" package="com.google.android.apps.nexuslauncher" class="android.view.ViewGroup" text="" checkable="false" checked="false" clickable="false" enabled="true" focusable="false" focused="false" long-clickable="false" password="false" scrollable="false" selected="false" bounds="[21,84][1059,1377]" displayed="true"&gt;
                &lt;android.view.ViewGroup index="0" package="com.google.android.apps.nexuslauncher" class="android.view.ViewGroup" text="" resource-id="com.google.android.apps.nexuslauncher:id/workspace_page_container" checkable="false" checked="false" clickable="false" enabled="true" focusable="false" focused="false" long-clickable="false" password="false" scrollable="false" selected="false" bounds="[35,84][1045,1377]" displayed="true"&gt;
                  &lt;android.widget.FrameLayout index="0" package="com.google.android.apps.nexuslauncher" class="android.widget.FrameLayout" text="" resource-id="com.google.android.apps.nexuslauncher:id/search_container_workspace" checkable="false" checked="false" clickable="true" enabled="true" focusable="true" focused="false" long-clickable="true" password="false" scrollable="false" selected="false" bounds="[35,84][1045,342]" displayed="true"&gt;
                    &lt;android.widget.LinearLayout index="0" package="com.google.android.apps.nexuslauncher" class="android.widget.LinearLayout" text="" resource-id="com.google.android.apps.nexuslauncher:id/smartspace_content" checkable="false" checked="false" clickable="false" enabled="true" focusable="false" focused="false" long-clickable="false" password="false" scrollable="false" selected="false" bounds="[298,84][781,342]" displayed="true"&gt;
                      &lt;android.widget.TextView index="0" package="com.google.android.apps.nexuslauncher" class="android.widget.TextView" text="Tuesday, May 4" content-desc="Tuesday, May 4" resource-id="com.google.android.apps.nexuslauncher:id/clock" checkable="false" checked="false" clickable="true" enabled="true" focusable="true" focused="false" long-clickable="true" password="false" scrollable="false" selected="false" bounds="[298,84][781,342]" displayed="true" /&gt;
                    &lt;/android.widget.LinearLayout&gt;
                  &lt;/android.widget.FrameLayout&gt;
                &lt;/android.view.ViewGroup&gt;
              &lt;/android.view.ViewGroup&gt;
            &lt;/android.widget.ScrollView&gt;
            &lt;android.view.View index="2" package="com.google.android.apps.nexuslauncher" class="android.view.View" text="" resource-id="com.google.android.apps.nexuslauncher:id/page_indicator" checkable="false" checked="false" clickable="false" enabled="true" focusable="false" focused="false" long-clickable="false" password="false" scrollable="false" selected="false" bounds="[0,1345][1080,1408]" displayed="true" /&gt;
            &lt;android.widget.FrameLayout index="3" package="com.google.android.apps.nexuslauncher" class="android.widget.FrameLayout" text="" resource-id="com.google.android.apps.nexuslauncher:id/hotseat" checkable="false" checked="false" clickable="false" enabled="true" focusable="false" focused="false" long-clickable="false" password="false" scrollable="false" selected="false" bounds="[0,1408][1080,1794]" displayed="true"&gt;
              &lt;android.view.ViewGroup index="0" package="com.google.android.apps.nexuslauncher" class="android.view.ViewGroup" text="" resource-id="com.google.android.apps.nexuslauncher:id/layout" checkable="false" checked="false" clickable="false" enabled="true" focusable="false" focused="false" long-clickable="false" password="false" scrollable="false" selected="false" bounds="[0,1408][1080,1794]" displayed="true"&gt;
                &lt;android.view.ViewGroup index="0" package="com.google.android.apps.nexuslauncher" class="android.view.ViewGroup" text="" checkable="false" checked="false" clickable="false" enabled="true" focusable="false" focused="false" long-clickable="false" password="false" scrollable="false" selected="false" bounds="[35,1408][1045,1592]" displayed="true"&gt;
                  &lt;android.widget.TextView index="0" package="com.google.android.apps.nexuslauncher" class="android.widget.TextView" text="Phone" content-desc="Phone" checkable="false" checked="false" clickable="true" enabled="true" focusable="true" focused="false" long-clickable="true" password="false" scrollable="false" selected="false" bounds="[35,1408][237,1592]" displayed="true" /&gt;
                  &lt;android.widget.TextView index="1" package="com.google.android.apps.nexuslauncher" class="android.widget.TextView" text="Messages" content-desc="Messages" checkable="false" checked="false" clickable="true" enabled="true" focusable="true" focused="false" long-clickable="true" password="false" scrollable="false" selected="false" bounds="[237,1408][439,1592]" displayed="true" /&gt;
                  &lt;android.widget.TextView index="2" package="com.google.android.apps.nexuslauncher" class="android.widget.TextView" text="Play Store" content-desc="Play Store" checkable="false" checked="false" clickable="true" enabled="true" focusable="true" focused="false" long-clickable="true" password="false" scrollable="false" selected="false" bounds="[439,1408][641,1592]" displayed="true" /&gt;
                  &lt;android.widget.TextView index="3" package="com.google.android.apps.nexuslauncher" class="android.widget.TextView" text="Chrome" content-desc="Chrome" checkable="false" checked="false" clickable="true" enabled="true" focusable="true" focused="false" long-clickable="true" password="false" scrollable="false" selected="false" bounds="[641,1408][843,1592]" displayed="true" /&gt;
                &lt;/android.view.ViewGroup&gt;
              &lt;/android.view.ViewGroup&gt;
              &lt;android.widget.FrameLayout index="1" package="com.google.android.apps.nexuslauncher" class="android.widget.FrameLayout" text="" content-desc="Search" resource-id="com.google.android.apps.nexuslauncher:id/search_container_hotseat" checkable="false" checked="false" clickable="true" enabled="true" focusable="true" focused="false" long-clickable="true" password="false" scrollable="false" selected="false" bounds="[53,1642][1026,1789]" displayed="true"&gt;
                &lt;android.widget.ImageView index="0" package="com.google.android.apps.nexuslauncher" class="android.widget.ImageView" text="" resource-id="com.google.android.apps.nexuslauncher:id/g_icon" checkable="false" checked="false" clickable="false" enabled="true" focusable="false" focused="false" long-clickable="false" password="false" scrollable="false" selected="false" bounds="[104,1684][167,1747]" displayed="true" /&gt;
                &lt;android.view.View index="2" package="com.google.android.apps.nexuslauncher" class="android.view.View" text="" content-desc="Voice search" resource-id="com.google.android.apps.nexuslauncher:id/mic_icon" checkable="false" checked="false" clickable="true" enabled="true" focusable="false" focused="false" long-clickable="false" password="false" scrollable="false" selected="false" bounds="[864,1642][1011,1789]" displayed="true" /&gt;
              &lt;/android.widget.FrameLayout&gt;
            &lt;/android.widget.FrameLayout&gt;
          &lt;/android.widget.FrameLayout&gt;
        &lt;/android.widget.FrameLayout&gt;
      &lt;/android.widget.FrameLayout&gt;
    &lt;/android.widget.LinearLayout&gt;
  &lt;/android.widget.FrameLayout&gt;
&lt;/hierarchy&gt;</msg>
<kw name="Capture Page Screenshot" library="AppiumLibrary">
<doc>Takes a screenshot of the current page and embeds it into the log.</doc>
<msg timestamp="20210504 20:11:39.875" level="INFO" html="yes">&lt;/td&gt;&lt;/tr&gt;&lt;tr&gt;&lt;td colspan="3"&gt;&lt;a href="appium-screenshot-2.png"&gt;&lt;img src="appium-screenshot-2.png" width="800px"&gt;&lt;/a&gt;</msg>
<status status="PASS" starttime="20210504 20:11:39.002" endtime="20210504 20:11:39.875"></status>
</kw>
<msg timestamp="20210504 20:11:39.876" level="FAIL">Element locator 'xpath=//*[@text="Debug"]' did not match any elements after 10 seconds</msg>
<status status="FAIL" starttime="20210504 20:11:28.607" endtime="20210504 20:11:39.876"></status>
</kw>
<status status="FAIL" starttime="20210504 20:11:18.990" endtime="20210504 20:11:39.876"></status>
</kw>
<status status="FAIL" starttime="20210504 20:11:18.989" endtime="20210504 20:11:39.876"></status>
</kw>
<status status="FAIL" starttime="20210504 20:10:10.546" endtime="20210504 20:11:39.877"></status>
</kw>
<status status="FAIL" starttime="20210504 20:10:10.545" endtime="20210504 20:11:39.877"></status>
</kw>
<status status="FAIL" starttime="20210504 20:10:10.544" endtime="20210504 20:11:39.878" critical="yes">Element locator 'xpath=//*[@text="Debug"]' did not match any elements after 10 seconds</status>
</test>
<test id="s1-t3" name="Driving Routine two - 03">
<kw name="Run Driving Routine With Multiple Drivers">
<tags>
<tag>DriverStatus</tag>
</tags>
<doc>Driver certifying logs routine</doc>
<arguments>
<arg>miranda03@ot1solidtest01.com</arg>
<arg>1234</arg>
<arg>2s</arg>
<arg>miranda04@ot1solidtest01.com</arg>
</arguments>
<kw name="Driving Routine Unid Events" library="DrivingRoutines">
<arguments>
<arg>${user}</arg>
<arg>${password}</arg>
</arguments>
<kw name="Log To Console" library="BuiltIn">
<doc>Logs the given message to the console.</doc>
<arguments>
<arg>${user}</arg>
</arguments>
<status status="PASS" starttime="20210504 20:11:39.883" endtime="20210504 20:11:39.883"></status>
</kw>
<kw name="Log To Console" library="BuiltIn">
<doc>Logs the given message to the console.</doc>
<arguments>
<arg>${password}</arg>
</arguments>
<status status="PASS" starttime="20210504 20:11:39.883" endtime="20210504 20:11:39.884"></status>
</kw>
<kw name="Log To Console" library="BuiltIn">
<doc>Logs the given message to the console.</doc>
<arguments>
<arg>${user}</arg>
</arguments>
<status status="PASS" starttime="20210504 20:11:39.884" endtime="20210504 20:11:39.885"></status>
</kw>
<kw name="Log To Console" library="BuiltIn">
<doc>Logs the given message to the console.</doc>
<arguments>
<arg>${password}</arg>
</arguments>
<status status="PASS" starttime="20210504 20:11:39.885" endtime="20210504 20:11:39.885"></status>
</kw>
<kw name="Open vistracks" library="Common">
<kw name="Open Application" library="AppiumLibrary">
<doc>Opens a new application to given Appium server.
Capabilities of appium server, Android and iOS,
Please check https://github.com/appium/appium/blob/master/docs/en/writing-running-appium/server-args.md
| *Option*            | *Man.* | *Description*     |
| remote_url          | Yes    | Appium server url |
| alias               | no     | alias             |</doc>
<arguments>
<arg>${REMOTE_URL}</arg>
<arg>platformName=${PLATFORM_NAME}</arg>
<arg>platformVersion=${PLATFORM_VERSION}</arg>
<arg>deviceName=${DEVICE_NAME}</arg>
<arg>automationName=UiAutomator2</arg>
<arg>noReset=False</arg>
<arg>autoGrantPermissions=True</arg>
<arg>newCommandTimeout=2500</arg>
<arg>appActivity=${Activity_NAME}</arg>
<arg>appPackage=${PACKAGE_NAME}</arg>
</arguments>
<status status="PASS" starttime="20210504 20:11:39.886" endtime="20210504 20:11:57.183"></status>
</kw>
<status status="PASS" starttime="20210504 20:11:39.886" endtime="20210504 20:11:57.183"></status>
</kw>
<kw name="Accept license" library="Common">
<kw name="Verify license button loaded" library="Login">
<kw name="Wait Until Element Is Visible" library="AppiumLibrary">
<doc>Waits until element specified with `locator` is visible.</doc>
<arguments>
<arg>id=com.vistracks:id/acceptBtn</arg>
<arg>timeout=60</arg>
</arguments>
<status status="PASS" starttime="20210504 20:11:57.185" endtime="20210504 20:11:57.496"></status>
</kw>
<status status="PASS" starttime="20210504 20:11:57.184" endtime="20210504 20:11:57.496"></status>
</kw>
<kw name="Click license button" library="Login">
<kw name="Click Element" library="AppiumLibrary">
<doc>Click element identified by `locator`.</doc>
<arguments>
<arg>id=com.vistracks:id/acceptBtn</arg>
</arguments>
<msg timestamp="20210504 20:11:57.500" level="INFO">Clicking element 'id=com.vistracks:id/acceptBtn'.</msg>
<status status="PASS" starttime="20210504 20:11:57.497" endtime="20210504 20:11:57.657"></status>
</kw>
<status status="PASS" starttime="20210504 20:11:57.496" endtime="20210504 20:11:57.657"></status>
</kw>
<kw name="Verify account name loaded" library="Login">
<kw name="Wait Until Element Is Visible" library="AppiumLibrary">
<doc>Waits until element specified with `locator` is visible.</doc>
<arguments>
<arg>id=com.vistracks:id/accountNameEt</arg>
<arg>timeout=60</arg>
</arguments>
<status status="PASS" starttime="20210504 20:11:57.658" endtime="20210504 20:11:59.029"></status>
</kw>
<status status="PASS" starttime="20210504 20:11:57.657" endtime="20210504 20:11:59.029"></status>
</kw>
<status status="PASS" starttime="20210504 20:11:57.184" endtime="20210504 20:11:59.029"></status>
</kw>
<kw name="Login with Driver data" library="Common">
<arguments>
<arg>${user}</arg>
<arg>${password}</arg>
</arguments>
<kw name="Input Driver user" library="Login">
<arguments>
<arg>${user}</arg>
</arguments>
<kw name="Wait Until Element Is Visible" library="AppiumLibrary">
<doc>Waits until element specified with `locator` is visible.</doc>
<arguments>
<arg>id=com.vistracks:id/accountNameEt</arg>
</arguments>
<status status="PASS" starttime="20210504 20:11:59.031" endtime="20210504 20:11:59.129"></status>
</kw>
<kw name="Input Text" library="AppiumLibrary">
<doc>Types the given `text` into text field identified by `locator`.</doc>
<arguments>
<arg>id=com.vistracks:id/accountNameEt</arg>
<arg>${user}</arg>
</arguments>
<msg timestamp="20210504 20:11:59.132" level="INFO">Typing text 'miranda03@ot1solidtest01.com' into text field 'id=com.vistracks:id/accountNameEt'</msg>
<status status="PASS" starttime="20210504 20:11:59.129" endtime="20210504 20:11:59.743"></status>
</kw>
<status status="PASS" starttime="20210504 20:11:59.031" endtime="20210504 20:11:59.743"></status>
</kw>
<kw name="Input Driver password" library="Login">
<arguments>
<arg>${password}</arg>
</arguments>
<kw name="Wait Until Element Is Visible" library="AppiumLibrary">
<doc>Waits until element specified with `locator` is visible.</doc>
<arguments>
<arg>id=com.vistracks:id/passwordEt</arg>
</arguments>
<status status="PASS" starttime="20210504 20:11:59.745" endtime="20210504 20:12:00.470"></status>
</kw>
<kw name="Input Text" library="AppiumLibrary">
<doc>Types the given `text` into text field identified by `locator`.</doc>
<arguments>
<arg>id=com.vistracks:id/passwordEt</arg>
<arg>${password}</arg>
</arguments>
<msg timestamp="20210504 20:12:00.473" level="INFO">Typing text '1234' into text field 'id=com.vistracks:id/passwordEt'</msg>
<status status="PASS" starttime="20210504 20:12:00.470" endtime="20210504 20:12:01.092"></status>
</kw>
<status status="PASS" starttime="20210504 20:11:59.744" endtime="20210504 20:12:01.093"></status>
</kw>
<kw name="Click Login button" library="Login">
<kw name="Click Element" library="AppiumLibrary">
<doc>Click element identified by `locator`.</doc>
<arguments>
<arg>id=com.vistracks:id/loginBtn</arg>
</arguments>
<msg timestamp="20210504 20:12:01.097" level="INFO">Clicking element 'id=com.vistracks:id/loginBtn'.</msg>
<status status="PASS" starttime="20210504 20:12:01.094" endtime="20210504 20:12:01.951"></status>
</kw>
<status status="PASS" starttime="20210504 20:12:01.093" endtime="20210504 20:12:01.952"></status>
</kw>
<kw name="Wait for Syncing Account Data" library="Login">
<kw name="Wait Until Element Is Visible" library="AppiumLibrary">
<doc>Waits until element specified with `locator` is visible.</doc>
<arguments>
<arg>id=com.vistracks:id/syncDialogTitle</arg>
<arg>timeout=60s</arg>
</arguments>
<status status="PASS" starttime="20210504 20:12:01.953" endtime="20210504 20:12:10.900"></status>
</kw>
<kw name="Wait Until Page Does Not Contain Element" library="AppiumLibrary">
<doc>Waits until element specified with `locator` disappears from current page.</doc>
<arguments>
<arg>id=com.vistracks:id/syncDialogTitle</arg>
<arg>timeout=60s</arg>
</arguments>
<status status="PASS" starttime="20210504 20:12:10.900" endtime="20210504 20:12:12.715"></status>
</kw>
<kw name="Get Matching Xpath Count" library="AppiumLibrary">
<doc>Returns number of elements matching ``xpath``</doc>
<arguments>
<arg>xpath=//*[@text="Some accounts failed to sync."]</arg>
</arguments>
<assign>
<var>${count}</var>
</assign>
<msg timestamp="20210504 20:12:13.469" level="INFO">${count} = 0</msg>
<status status="PASS" starttime="20210504 20:12:12.716" endtime="20210504 20:12:13.469"></status>
</kw>
<kw name="Run Keyword If" library="BuiltIn">
<doc>Runs the given keyword with the given arguments, if ``condition`` is true.</doc>
<arguments>
<arg>${count} == 0</arg>
<arg>sleep</arg>
<arg>0.5s</arg>
<arg>ELSE</arg>
<arg>run keywords</arg>
<arg>click element</arg>
<arg>xpath=//*[@text="YES"]</arg>
<arg>AND</arg>
<arg>wait until page does not contain element</arg>
<arg>id=com.vistracks:id/syncDialogTitle</arg>
<arg>timeout=60s</arg>
</arguments>
<kw name="Sleep" library="BuiltIn">
<doc>Pauses the test executed for the given time.</doc>
<arguments>
<arg>0.5s</arg>
</arguments>
<msg timestamp="20210504 20:12:13.972" level="INFO">Slept 500 milliseconds</msg>
<status status="PASS" starttime="20210504 20:12:13.471" endtime="20210504 20:12:13.972"></status>
</kw>
<status status="PASS" starttime="20210504 20:12:13.470" endtime="20210504 20:12:13.972"></status>
</kw>
<status status="PASS" starttime="20210504 20:12:01.952" endtime="20210504 20:12:13.972"></status>
</kw>
<kw name="Wait for Preparing logs" library="Login">
<kw name="Wait Until Element Is Visible" library="AppiumLibrary">
<doc>Waits until element specified with `locator` is visible.</doc>
<arguments>
<arg>id=com.vistracks:id/splashLogoIV</arg>
<arg>timeout=45</arg>
</arguments>
<status status="PASS" starttime="20210504 20:12:13.973" endtime="20210504 20:12:14.162"></status>
</kw>
<kw name="Wait Until Page Does Not Contain Element" library="AppiumLibrary">
<doc>Waits until element specified with `locator` disappears from current page.</doc>
<arguments>
<arg>id=com.vistracks:id/splashLogoIV</arg>
<arg>timeout=45</arg>
</arguments>
<status status="PASS" starttime="20210504 20:12:14.162" endtime="20210504 20:12:21.277"></status>
</kw>
<status status="PASS" starttime="20210504 20:12:13.973" endtime="20210504 20:12:21.277"></status>
</kw>
<kw name="Sleep" library="BuiltIn">
<doc>Pauses the test executed for the given time.</doc>
<arguments>
<arg>7s</arg>
</arguments>
<msg timestamp="20210504 20:12:28.280" level="INFO">Slept 7 seconds</msg>
<status status="PASS" starttime="20210504 20:12:21.278" endtime="20210504 20:12:28.280"></status>
</kw>
<status status="PASS" starttime="20210504 20:11:59.030" endtime="20210504 20:12:28.280"></status>
</kw>
<kw name="Dismiss Uncertified Logs" library="ChangeStatus">
<kw name="Add missing data Location" library="ChangeStatus">
<kw name="Get Matching Xpath Count" library="AppiumLibrary">
<doc>Returns number of elements matching ``xpath``</doc>
<arguments>
<arg>xpath=//*[@text="Clear Missing Data Elements: Location"]</arg>
</arguments>
<assign>
<var>${count}</var>
</assign>
<msg timestamp="20210504 20:12:28.471" level="INFO">${count} = 0</msg>
<status status="PASS" starttime="20210504 20:12:28.282" endtime="20210504 20:12:28.471"></status>
</kw>
<kw name="Run Keyword If" library="BuiltIn">
<doc>Runs the given keyword with the given arguments, if ``condition`` is true.</doc>
<arguments>
<arg>${count} &gt; 0</arg>
<arg>Input Text</arg>
<arg>id=com.vistracks:id/locationET</arg>
<arg>TestLocation</arg>
</arguments>
<status status="PASS" starttime="20210504 20:12:28.472" endtime="20210504 20:12:28.472"></status>
</kw>
<kw name="Run Keyword If" library="BuiltIn">
<doc>Runs the given keyword with the given arguments, if ``condition`` is true.</doc>
<arguments>
<arg>${count} &gt; 0</arg>
<arg>Click Element</arg>
<arg>id=com.vistracks:id/missingLocationsBtn</arg>
</arguments>
<status status="PASS" starttime="20210504 20:12:28.473" endtime="20210504 20:12:28.473"></status>
</kw>
<kw name="Run Keyword If" library="BuiltIn">
<doc>Runs the given keyword with the given arguments, if ``condition`` is true.</doc>
<arguments>
<arg>${count} &gt; 0</arg>
<arg>sleep</arg>
<arg>2s</arg>
</arguments>
<status status="PASS" starttime="20210504 20:12:28.473" endtime="20210504 20:12:28.474"></status>
</kw>
<kw name="Run Keyword If" library="BuiltIn">
<doc>Runs the given keyword with the given arguments, if ``condition`` is true.</doc>
<arguments>
<arg>${count} &gt; 0</arg>
<arg>go back</arg>
</arguments>
<status status="PASS" starttime="20210504 20:12:28.474" endtime="20210504 20:12:28.475"></status>
</kw>
<kw name="Run Keyword If" library="BuiltIn">
<doc>Runs the given keyword with the given arguments, if ``condition`` is true.</doc>
<arguments>
<arg>${count} &gt; 0</arg>
<arg>sleep</arg>
<arg>2s</arg>
</arguments>
<status status="PASS" starttime="20210504 20:12:28.475" endtime="20210504 20:12:28.475"></status>
</kw>
<kw name="Run Keyword If" library="BuiltIn">
<doc>Runs the given keyword with the given arguments, if ``condition`` is true.</doc>
<arguments>
<arg>${count} &gt; 0</arg>
<arg>go back</arg>
</arguments>
<status status="PASS" starttime="20210504 20:12:28.476" endtime="20210504 20:12:28.476"></status>
</kw>
<status status="PASS" starttime="20210504 20:12:28.281" endtime="20210504 20:12:28.477"></status>
</kw>
<kw name="Switch To Intrastate Driving Rules" library="ChangeStatus">
<kw name="Get Matching Xpath Count" library="AppiumLibrary">
<doc>Returns number of elements matching ``xpath``</doc>
<arguments>
<arg>xpath=//*[@text="Switch To Intrastate Driving Rules"]</arg>
</arguments>
<assign>
<var>${count0}</var>
</assign>
<msg timestamp="20210504 20:12:28.587" level="INFO">${count0} = 0</msg>
<status status="PASS" starttime="20210504 20:12:28.477" endtime="20210504 20:12:28.587"></status>
</kw>
<kw name="Run Keyword If" library="BuiltIn">
<doc>Runs the given keyword with the given arguments, if ``condition`` is true.</doc>
<arguments>
<arg>${count0} &gt; 0</arg>
<arg>click element</arg>
<arg>id=com.vistracks:id/standardPositiveBtn</arg>
</arguments>
<status status="PASS" starttime="20210504 20:12:28.587" endtime="20210504 20:12:28.588"></status>
</kw>
<kw name="Sleep" library="BuiltIn">
<doc>Pauses the test executed for the given time.</doc>
<arguments>
<arg>1s</arg>
</arguments>
<msg timestamp="20210504 20:12:29.589" level="INFO">Slept 1 second</msg>
<status status="PASS" starttime="20210504 20:12:28.588" endtime="20210504 20:12:29.589"></status>
</kw>
<status status="PASS" starttime="20210504 20:12:28.477" endtime="20210504 20:12:29.589"></status>
</kw>
<kw name="Get Matching Xpath Count" library="AppiumLibrary">
<doc>Returns number of elements matching ``xpath``</doc>
<arguments>
<arg>xpath=//*[@text="Uncertified Log(s)"]</arg>
</arguments>
<assign>
<var>${count}</var>
</assign>
<msg timestamp="20210504 20:12:29.726" level="INFO">${count} = 1</msg>
<status status="PASS" starttime="20210504 20:12:29.589" endtime="20210504 20:12:29.726"></status>
</kw>
<kw name="Run Keyword If" library="BuiltIn">
<doc>Runs the given keyword with the given arguments, if ``condition`` is true.</doc>
<arguments>
<arg>${count} &gt; 0</arg>
<arg>click element</arg>
<arg>xpath=//*[@text="OK"]</arg>
</arguments>
<kw name="Click Element" library="AppiumLibrary">
<doc>Click element identified by `locator`.</doc>
<arguments>
<arg>xpath=//*[@text="OK"]</arg>
</arguments>
<msg timestamp="20210504 20:12:29.729" level="INFO">Clicking element 'xpath=//*[@text="OK"]'.</msg>
<status status="PASS" starttime="20210504 20:12:29.727" endtime="20210504 20:12:30.003"></status>
</kw>
<status status="PASS" starttime="20210504 20:12:29.727" endtime="20210504 20:12:30.003"></status>
</kw>
<status status="PASS" starttime="20210504 20:12:28.281" endtime="20210504 20:12:30.004"></status>
</kw>
<kw name="Dismiss Pending Requests" library="ChangeStatus">
<kw name="Sleep" library="BuiltIn">
<doc>Pauses the test executed for the given time.</doc>
<arguments>
<arg>1.5s</arg>
</arguments>
<msg timestamp="20210504 20:12:31.506" level="INFO">Slept 1 second 500 milliseconds</msg>
<status status="PASS" starttime="20210504 20:12:30.005" endtime="20210504 20:12:31.506"></status>
</kw>
<kw name="Get Matching Xpath Count" library="AppiumLibrary">
<doc>Returns number of elements matching ``xpath``</doc>
<arguments>
<arg>xpath=//*[@text="Action"]</arg>
</arguments>
<assign>
<var>${count}</var>
</assign>
<msg timestamp="20210504 20:12:32.172" level="INFO">${count} = 0</msg>
<status status="PASS" starttime="20210504 20:12:31.506" endtime="20210504 20:12:32.172"></status>
</kw>
<kw name="Run Keyword If" library="BuiltIn">
<doc>Runs the given keyword with the given arguments, if ``condition`` is true.</doc>
<arguments>
<arg>${count} &gt; 0</arg>
<arg>click element</arg>
<arg>xpath=//*[@text="CANCEL"]</arg>
</arguments>
<status status="PASS" starttime="20210504 20:12:32.172" endtime="20210504 20:12:32.173"></status>
</kw>
<status status="PASS" starttime="20210504 20:12:30.004" endtime="20210504 20:12:32.173"></status>
</kw>
<kw name="Dismiss Uncertified Logs" library="ChangeStatus">
<kw name="Add missing data Location" library="ChangeStatus">
<kw name="Get Matching Xpath Count" library="AppiumLibrary">
<doc>Returns number of elements matching ``xpath``</doc>
<arguments>
<arg>xpath=//*[@text="Clear Missing Data Elements: Location"]</arg>
</arguments>
<assign>
<var>${count}</var>
</assign>
<msg timestamp="20210504 20:12:32.249" level="INFO">${count} = 0</msg>
<status status="PASS" starttime="20210504 20:12:32.175" endtime="20210504 20:12:32.249"></status>
</kw>
<kw name="Run Keyword If" library="BuiltIn">
<doc>Runs the given keyword with the given arguments, if ``condition`` is true.</doc>
<arguments>
<arg>${count} &gt; 0</arg>
<arg>Input Text</arg>
<arg>id=com.vistracks:id/locationET</arg>
<arg>TestLocation</arg>
</arguments>
<status status="PASS" starttime="20210504 20:12:32.249" endtime="20210504 20:12:32.250"></status>
</kw>
<kw name="Run Keyword If" library="BuiltIn">
<doc>Runs the given keyword with the given arguments, if ``condition`` is true.</doc>
<arguments>
<arg>${count} &gt; 0</arg>
<arg>Click Element</arg>
<arg>id=com.vistracks:id/missingLocationsBtn</arg>
</arguments>
<status status="PASS" starttime="20210504 20:12:32.250" endtime="20210504 20:12:32.250"></status>
</kw>
<kw name="Run Keyword If" library="BuiltIn">
<doc>Runs the given keyword with the given arguments, if ``condition`` is true.</doc>
<arguments>
<arg>${count} &gt; 0</arg>
<arg>sleep</arg>
<arg>2s</arg>
</arguments>
<status status="PASS" starttime="20210504 20:12:32.250" endtime="20210504 20:12:32.251"></status>
</kw>
<kw name="Run Keyword If" library="BuiltIn">
<doc>Runs the given keyword with the given arguments, if ``condition`` is true.</doc>
<arguments>
<arg>${count} &gt; 0</arg>
<arg>go back</arg>
</arguments>
<status status="PASS" starttime="20210504 20:12:32.251" endtime="20210504 20:12:32.251"></status>
</kw>
<kw name="Run Keyword If" library="BuiltIn">
<doc>Runs the given keyword with the given arguments, if ``condition`` is true.</doc>
<arguments>
<arg>${count} &gt; 0</arg>
<arg>sleep</arg>
<arg>2s</arg>
</arguments>
<status status="PASS" starttime="20210504 20:12:32.251" endtime="20210504 20:12:32.252"></status>
</kw>
<kw name="Run Keyword If" library="BuiltIn">
<doc>Runs the given keyword with the given arguments, if ``condition`` is true.</doc>
<arguments>
<arg>${count} &gt; 0</arg>
<arg>go back</arg>
</arguments>
<status status="PASS" starttime="20210504 20:12:32.252" endtime="20210504 20:12:32.252"></status>
</kw>
<status status="PASS" starttime="20210504 20:12:32.174" endtime="20210504 20:12:32.252"></status>
</kw>
<kw name="Switch To Intrastate Driving Rules" library="ChangeStatus">
<kw name="Get Matching Xpath Count" library="AppiumLibrary">
<doc>Returns number of elements matching ``xpath``</doc>
<arguments>
<arg>xpath=//*[@text="Switch To Intrastate Driving Rules"]</arg>
</arguments>
<assign>
<var>${count0}</var>
</assign>
<msg timestamp="20210504 20:12:32.336" level="INFO">${count0} = 0</msg>
<status status="PASS" starttime="20210504 20:12:32.253" endtime="20210504 20:12:32.336"></status>
</kw>
<kw name="Run Keyword If" library="BuiltIn">
<doc>Runs the given keyword with the given arguments, if ``condition`` is true.</doc>
<arguments>
<arg>${count0} &gt; 0</arg>
<arg>click element</arg>
<arg>id=com.vistracks:id/standardPositiveBtn</arg>
</arguments>
<status status="PASS" starttime="20210504 20:12:32.336" endtime="20210504 20:12:32.337"></status>
</kw>
<kw name="Sleep" library="BuiltIn">
<doc>Pauses the test executed for the given time.</doc>
<arguments>
<arg>1s</arg>
</arguments>
<msg timestamp="20210504 20:12:33.337" level="INFO">Slept 1 second</msg>
<status status="PASS" starttime="20210504 20:12:32.337" endtime="20210504 20:12:33.337"></status>
</kw>
<status status="PASS" starttime="20210504 20:12:32.253" endtime="20210504 20:12:33.337"></status>
</kw>
<kw name="Get Matching Xpath Count" library="AppiumLibrary">
<doc>Returns number of elements matching ``xpath``</doc>
<arguments>
<arg>xpath=//*[@text="Uncertified Log(s)"]</arg>
</arguments>
<assign>
<var>${count}</var>
</assign>
<msg timestamp="20210504 20:12:33.421" level="INFO">${count} = 0</msg>
<status status="PASS" starttime="20210504 20:12:33.337" endtime="20210504 20:12:33.421"></status>
</kw>
<kw name="Run Keyword If" library="BuiltIn">
<doc>Runs the given keyword with the given arguments, if ``condition`` is true.</doc>
<arguments>
<arg>${count} &gt; 0</arg>
<arg>click element</arg>
<arg>xpath=//*[@text="OK"]</arg>
</arguments>
<status status="PASS" starttime="20210504 20:12:33.421" endtime="20210504 20:12:33.422"></status>
</kw>
<status status="PASS" starttime="20210504 20:12:32.174" endtime="20210504 20:12:33.422"></status>
</kw>
<kw name="Add Driving status" library="Common">
<kw name="Enable debug mode" library="ChangeStatus">
<kw name="Wait Until Element Is Visible" library="AppiumLibrary">
<doc>Waits until element specified with `locator` is visible.</doc>
<arguments>
<arg>xpath=//android.widget.ImageButton[@content-desc="VisTracks"]</arg>
<arg>timeout=10</arg>
</arguments>
<msg timestamp="20210504 20:12:43.825" level="INFO">&lt;?xml version='1.0' encoding='UTF-8' standalone='yes' ?&gt;
&lt;hierarchy index="0" class="hierarchy" rotation="0" width="1080" height="1794"&gt;
  &lt;android.widget.FrameLayout index="0" package="com.vistracks" class="android.widget.FrameLayout" text="" checkable="false" checked="false" clickable="false" enabled="true" focusable="false" focused="false" long-clickable="false" password="false" scrollable="false" selected="false" bounds="[28,543][968,1230]" displayed="true"&gt;
    &lt;android.widget.LinearLayout index="0" package="com.vistracks" class="android.widget.LinearLayout" text="" checkable="false" checked="false" clickable="false" enabled="true" focusable="false" focused="false" long-clickable="false" password="false" scrollable="false" selected="false" bounds="[70,585][968,1230]" displayed="true"&gt;
      &lt;android.widget.FrameLayout index="0" package="com.vistracks" class="android.widget.FrameLayout" text="" checkable="false" checked="false" clickable="false" enabled="true" focusable="false" focused="false" long-clickable="false" password="false" scrollable="false" selected="false" bounds="[70,585][968,1230]" displayed="true"&gt;
[...]
<arg>click element</arg>
<arg>id=com.vistracks:id/standardPositiveBtn</arg>
</arguments>
<status status="PASS" starttime="20210504 20:18:00.128" endtime="20210504 20:18:00.129"></status>
</kw>
<kw name="Sleep" library="BuiltIn">
<doc>Pauses the test executed for the given time.</doc>
<arguments>
<arg>1s</arg>
</arguments>
<msg timestamp="20210504 20:18:01.131" level="INFO">Slept 1 second</msg>
<status status="PASS" starttime="20210504 20:18:00.129" endtime="20210504 20:18:01.131"></status>
</kw>
<status status="PASS" starttime="20210504 20:18:00.079" endtime="20210504 20:18:01.131"></status>
</kw>
<kw name="Get Matching Xpath Count" library="AppiumLibrary">
<doc>Returns number of elements matching ``xpath``</doc>
<arguments>
<arg>xpath=//*[@text="Uncertified Log(s)"]</arg>
</arguments>
<assign>
<var>${count}</var>
</assign>
<msg timestamp="20210504 20:18:01.181" level="INFO">${count} = 0</msg>
<status status="PASS" starttime="20210504 20:18:01.132" endtime="20210504 20:18:01.181"></status>
</kw>
<kw name="Run Keyword If" library="BuiltIn">
<doc>Runs the given keyword with the given arguments, if ``condition`` is true.</doc>
<arguments>
<arg>${count} &gt; 0</arg>
<arg>click element</arg>
<arg>xpath=//*[@text="OK"]</arg>
</arguments>
<status status="PASS" starttime="20210504 20:18:01.181" endtime="20210504 20:18:01.182"></status>
</kw>
<status status="PASS" starttime="20210504 20:17:59.494" endtime="20210504 20:18:01.182"></status>
</kw>
<kw name="Wait Until Element Is Visible" library="AppiumLibrary">
<doc>Waits until element specified with `locator` is visible.</doc>
<arguments>
<arg>xpath=//*[@text="LOGOUT"]</arg>
<arg>timeout=10</arg>
</arguments>
<status status="PASS" starttime="20210504 20:18:01.183" endtime="20210504 20:18:01.855"></status>
</kw>
<kw name="Click Element" library="AppiumLibrary">
<doc>Click element identified by `locator`.</doc>
<arguments>
<arg>xpath=//*[@text="LOGOUT"]</arg>
</arguments>
<msg timestamp="20210504 20:18:01.858" level="INFO">Clicking element 'xpath=//*[@text="LOGOUT"]'.</msg>
<status status="PASS" starttime="20210504 20:18:01.855" endtime="20210504 20:18:01.988"></status>
</kw>
<kw name="Sleep" library="BuiltIn">
<doc>Pauses the test executed for the given time.</doc>
<arguments>
<arg>10s</arg>
</arguments>
<msg timestamp="20210504 20:18:11.990" level="INFO">Slept 10 seconds</msg>
<status status="PASS" starttime="20210504 20:18:01.989" endtime="20210504 20:18:11.990"></status>
</kw>
<kw name="Log To Console" library="BuiltIn">
<doc>Logs the given message to the console.</doc>
<arguments>
<arg>logged out</arg>
</arguments>
<status status="PASS" starttime="20210504 20:18:11.990" endtime="20210504 20:18:11.990"></status>
</kw>
<status status="PASS" starttime="20210504 20:17:40.765" endtime="20210504 20:18:11.991"></status>
</kw>
<kw name="Wait for warning to stop vehicle" library="ChangeStatus">
<kw name="Wait Until Element Is Visible" library="AppiumLibrary">
<doc>Waits until element specified with `locator` is visible.</doc>
<arguments>
<arg>xpath=//*[@text="You are not currently logged in, stop the vehicle"]</arg>
<arg>timeout=20</arg>
</arguments>
<status status="PASS" starttime="20210504 20:18:11.991" endtime="20210504 20:18:21.388"></status>
</kw>
<kw name="Click Element" library="AppiumLibrary">
<doc>Click element identified by `locator`.</doc>
<arguments>
<arg>xpath=//*[@text="OK"]</arg>
</arguments>
<msg timestamp="20210504 20:18:21.391" level="INFO">Clicking element 'xpath=//*[@text="OK"]'.</msg>
<status status="PASS" starttime="20210504 20:18:21.388" endtime="20210504 20:18:21.525"></status>
</kw>
<kw name="Sleep" library="BuiltIn">
<doc>Pauses the test executed for the given time.</doc>
<arguments>
<arg>1s</arg>
</arguments>
<msg timestamp="20210504 20:18:22.528" level="INFO">Slept 1 second</msg>
<status status="PASS" starttime="20210504 20:18:21.525" endtime="20210504 20:18:22.528"></status>
</kw>
<status status="PASS" starttime="20210504 20:18:11.991" endtime="20210504 20:18:22.528"></status>
</kw>
<kw name="Input Driver user" library="Login">
<arguments>
<arg>${user}</arg>
</arguments>
<kw name="Wait Until Element Is Visible" library="AppiumLibrary">
<doc>Waits until element specified with `locator` is visible.</doc>
<arguments>
<arg>id=com.vistracks:id/accountNameEt</arg>
</arguments>
<status status="PASS" starttime="20210504 20:18:22.529" endtime="20210504 20:18:22.619"></status>
</kw>
<kw name="Input Text" library="AppiumLibrary">
<doc>Types the given `text` into text field identified by `locator`.</doc>
<arguments>
<arg>id=com.vistracks:id/accountNameEt</arg>
<arg>${user}</arg>
</arguments>
<msg timestamp="20210504 20:18:22.622" level="INFO">Typing text 'miranda05@ot1solidtest01.com' into text field 'id=com.vistracks:id/accountNameEt'</msg>
<status status="PASS" starttime="20210504 20:18:22.619" endtime="20210504 20:18:23.220"></status>
</kw>
<status status="PASS" starttime="20210504 20:18:22.528" endtime="20210504 20:18:23.220"></status>
</kw>
<kw name="Input Driver password" library="Login">
<arguments>
<arg>${password}</arg>
</arguments>
<kw name="Wait Until Element Is Visible" library="AppiumLibrary">
<doc>Waits until element specified with `locator` is visible.</doc>
<arguments>
<arg>id=com.vistracks:id/passwordEt</arg>
</arguments>
<status status="PASS" starttime="20210504 20:18:23.221" endtime="20210504 20:18:23.901"></status>
</kw>
<kw name="Input Text" library="AppiumLibrary">
<doc>Types the given `text` into text field identified by `locator`.</doc>
<arguments>
<arg>id=com.vistracks:id/passwordEt</arg>
<arg>${password}</arg>
</arguments>
<msg timestamp="20210504 20:18:23.904" level="INFO">Typing text '1234' into text field 'id=com.vistracks:id/passwordEt'</msg>
<status status="PASS" starttime="20210504 20:18:23.901" endtime="20210504 20:18:24.539"></status>
</kw>
<status status="PASS" starttime="20210504 20:18:23.221" endtime="20210504 20:18:24.539"></status>
</kw>
<kw name="Click Login button" library="Login">
<kw name="Click Element" library="AppiumLibrary">
<doc>Click element identified by `locator`.</doc>
<arguments>
<arg>id=com.vistracks:id/loginBtn</arg>
</arguments>
<msg timestamp="20210504 20:18:24.542" level="INFO">Clicking element 'id=com.vistracks:id/loginBtn'.</msg>
<status status="PASS" starttime="20210504 20:18:24.540" endtime="20210504 20:18:25.120"></status>
</kw>
<status status="PASS" starttime="20210504 20:18:24.539" endtime="20210504 20:18:25.121"></status>
</kw>
<kw name="Sleep" library="BuiltIn">
<doc>Pauses the test executed for the given time.</doc>
<arguments>
<arg>7s</arg>
</arguments>
<msg timestamp="20210504 20:18:32.122" level="INFO">Slept 7 seconds</msg>
<status status="PASS" starttime="20210504 20:18:25.121" endtime="20210504 20:18:32.122"></status>
</kw>
<kw name="Dismiss Uncertified Logs" library="ChangeStatus">
<kw name="Add missing data Location" library="ChangeStatus">
<kw name="Get Matching Xpath Count" library="AppiumLibrary">
<doc>Returns number of elements matching ``xpath``</doc>
<arguments>
<arg>xpath=//*[@text="Clear Missing Data Elements: Location"]</arg>
</arguments>
<assign>
<var>${count}</var>
</assign>
<msg timestamp="20210504 20:18:32.364" level="INFO">${count} = 0</msg>
<status status="PASS" starttime="20210504 20:18:32.124" endtime="20210504 20:18:32.364"></status>
</kw>
<kw name="Run Keyword If" library="BuiltIn">
<doc>Runs the given keyword with the given arguments, if ``condition`` is true.</doc>
<arguments>
<arg>${count} &gt; 0</arg>
<arg>Input Text</arg>
<arg>id=com.vistracks:id/locationET</arg>
<arg>TestLocation</arg>
</arguments>
<status status="PASS" starttime="20210504 20:18:32.365" endtime="20210504 20:18:32.365"></status>
</kw>
<kw name="Run Keyword If" library="BuiltIn">
<doc>Runs the given keyword with the given arguments, if ``condition`` is true.</doc>
<arguments>
<arg>${count} &gt; 0</arg>
<arg>Click Element</arg>
<arg>id=com.vistracks:id/missingLocationsBtn</arg>
</arguments>
<status status="PASS" starttime="20210504 20:18:32.366" endtime="20210504 20:18:32.366"></status>
</kw>
<kw name="Run Keyword If" library="BuiltIn">
<doc>Runs the given keyword with the given arguments, if ``condition`` is true.</doc>
<arguments>
<arg>${count} &gt; 0</arg>
<arg>sleep</arg>
<arg>2s</arg>
</arguments>
<status status="PASS" starttime="20210504 20:18:32.367" endtime="20210504 20:18:32.367"></status>
</kw>
<kw name="Run Keyword If" library="BuiltIn">
<doc>Runs the given keyword with the given arguments, if ``condition`` is true.</doc>
<arguments>
<arg>${count} &gt; 0</arg>
<arg>go back</arg>
</arguments>
<status status="PASS" starttime="20210504 20:18:32.367" endtime="20210504 20:18:32.368"></status>
</kw>
<kw name="Run Keyword If" library="BuiltIn">
<doc>Runs the given keyword with the given arguments, if ``condition`` is true.</doc>
<arguments>
<arg>${count} &gt; 0</arg>
<arg>sleep</arg>
<arg>2s</arg>
</arguments>
<status status="PASS" starttime="20210504 20:18:32.368" endtime="20210504 20:18:32.369"></status>
</kw>
<kw name="Run Keyword If" library="BuiltIn">
<doc>Runs the given keyword with the given arguments, if ``condition`` is true.</doc>
<arguments>
<arg>${count} &gt; 0</arg>
<arg>go back</arg>
</arguments>
<status status="PASS" starttime="20210504 20:18:32.369" endtime="20210504 20:18:32.370"></status>
</kw>
<status status="PASS" starttime="20210504 20:18:32.123" endtime="20210504 20:18:32.370"></status>
</kw>
<kw name="Switch To Intrastate Driving Rules" library="ChangeStatus">
<kw name="Get Matching Xpath Count" library="AppiumLibrary">
<doc>Returns number of elements matching ``xpath``</doc>
<arguments>
<arg>xpath=//*[@text="Switch To Intrastate Driving Rules"]</arg>
</arguments>
<assign>
<var>${count0}</var>
</assign>
<msg timestamp="20210504 20:18:32.423" level="INFO">${count0} = 0</msg>
<status status="PASS" starttime="20210504 20:18:32.371" endtime="20210504 20:18:32.423"></status>
</kw>
<kw name="Run Keyword If" library="BuiltIn">
<doc>Runs the given keyword with the given arguments, if ``condition`` is true.</doc>
<arguments>
<arg>${count0} &gt; 0</arg>
<arg>click element</arg>
<arg>id=com.vistracks:id/standardPositiveBtn</arg>
</arguments>
<status status="PASS" starttime="20210504 20:18:32.423" endtime="20210504 20:18:32.424"></status>
</kw>
<kw name="Sleep" library="BuiltIn">
<doc>Pauses the test executed for the given time.</doc>
<arguments>
<arg>1s</arg>
</arguments>
<msg timestamp="20210504 20:18:33.427" level="INFO">Slept 1 second</msg>
<status status="PASS" starttime="20210504 20:18:32.424" endtime="20210504 20:18:33.427"></status>
</kw>
<status status="PASS" starttime="20210504 20:18:32.371" endtime="20210504 20:18:33.427"></status>
</kw>
<kw name="Get Matching Xpath Count" library="AppiumLibrary">
<doc>Returns number of elements matching ``xpath``</doc>
<arguments>
<arg>xpath=//*[@text="Uncertified Log(s)"]</arg>
</arguments>
<assign>
<var>${count}</var>
</assign>
<msg timestamp="20210504 20:18:33.922" level="INFO">${count} = 0</msg>
<status status="PASS" starttime="20210504 20:18:33.428" endtime="20210504 20:18:33.922"></status>
</kw>
<kw name="Run Keyword If" library="BuiltIn">
<doc>Runs the given keyword with the given arguments, if ``condition`` is true.</doc>
<arguments>
<arg>${count} &gt; 0</arg>
<arg>click element</arg>
<arg>xpath=//*[@text="OK"]</arg>
</arguments>
<status status="PASS" starttime="20210504 20:18:33.922" endtime="20210504 20:18:33.923"></status>
</kw>
<status status="PASS" starttime="20210504 20:18:32.122" endtime="20210504 20:18:33.923"></status>
</kw>
<kw name="Dismiss Pending Requests" library="ChangeStatus">
<kw name="Sleep" library="BuiltIn">
<doc>Pauses the test executed for the given time.</doc>
<arguments>
<arg>1.5s</arg>
</arguments>
<msg timestamp="20210504 20:18:35.426" level="INFO">Slept 1 second 500 milliseconds</msg>
<status status="PASS" starttime="20210504 20:18:33.924" endtime="20210504 20:18:35.426"></status>
</kw>
<kw name="Get Matching Xpath Count" library="AppiumLibrary">
<doc>Returns number of elements matching ``xpath``</doc>
<arguments>
<arg>xpath=//*[@text="Action"]</arg>
</arguments>
<assign>
<var>${count}</var>
</assign>
<msg timestamp="20210504 20:18:40.910" level="INFO">${count} = 0</msg>
<status status="PASS" starttime="20210504 20:18:35.426" endtime="20210504 20:18:40.910"></status>
</kw>
<kw name="Run Keyword If" library="BuiltIn">
<doc>Runs the given keyword with the given arguments, if ``condition`` is true.</doc>
<arguments>
<arg>${count} &gt; 0</arg>
<arg>click element</arg>
<arg>xpath=//*[@text="CANCEL"]</arg>
</arguments>
<status status="PASS" starttime="20210504 20:18:40.910" endtime="20210504 20:18:40.911"></status>
</kw>
<status status="PASS" starttime="20210504 20:18:33.923" endtime="20210504 20:18:40.911"></status>
</kw>
<kw name="Dismiss Uncertified Logs" library="ChangeStatus">
<kw name="Add missing data Location" library="ChangeStatus">
<kw name="Get Matching Xpath Count" library="AppiumLibrary">
<doc>Returns number of elements matching ``xpath``</doc>
<arguments>
<arg>xpath=//*[@text="Clear Missing Data Elements: Location"]</arg>
</arguments>
<assign>
<var>${count}</var>
</assign>
<msg timestamp="20210504 20:18:40.962" level="INFO">${count} = 0</msg>
<status status="PASS" starttime="20210504 20:18:40.913" endtime="20210504 20:18:40.962"></status>
</kw>
<kw name="Run Keyword If" library="BuiltIn">
<doc>Runs the given keyword with the given arguments, if ``condition`` is true.</doc>
<arguments>
<arg>${count} &gt; 0</arg>
<arg>Input Text</arg>
<arg>id=com.vistracks:id/locationET</arg>
<arg>TestLocation</arg>
</arguments>
<status status="PASS" starttime="20210504 20:18:40.963" endtime="20210504 20:18:40.963"></status>
</kw>
<kw name="Run Keyword If" library="BuiltIn">
<doc>Runs the given keyword with the given arguments, if ``condition`` is true.</doc>
<arguments>
<arg>${count} &gt; 0</arg>
<arg>Click Element</arg>
<arg>id=com.vistracks:id/missingLocationsBtn</arg>
</arguments>
<status status="PASS" starttime="20210504 20:18:40.964" endtime="20210504 20:18:40.964"></status>
</kw>
<kw name="Run Keyword If" library="BuiltIn">
<doc>Runs the given keyword with the given arguments, if ``condition`` is true.</doc>
<arguments>
<arg>${count} &gt; 0</arg>
<arg>sleep</arg>
<arg>2s</arg>
</arguments>
<status status="PASS" starttime="20210504 20:18:40.964" endtime="20210504 20:18:40.965"></status>
</kw>
<kw name="Run Keyword If" library="BuiltIn">
<doc>Runs the given keyword with the given arguments, if ``condition`` is true.</doc>
<arguments>
<arg>${count} &gt; 0</arg>
<arg>go back</arg>
</arguments>
<status status="PASS" starttime="20210504 20:18:40.965" endtime="20210504 20:18:40.966"></status>
</kw>
<kw name="Run Keyword If" library="BuiltIn">
<doc>Runs the given keyword with the given arguments, if ``condition`` is true.</doc>
<arguments>
<arg>${count} &gt; 0</arg>
<arg>sleep</arg>
<arg>2s</arg>
</arguments>
<status status="PASS" starttime="20210504 20:18:40.966" endtime="20210504 20:18:40.966"></status>
</kw>
<kw name="Run Keyword If" library="BuiltIn">
<doc>Runs the given keyword with the given arguments, if ``condition`` is true.</doc>
<arguments>
<arg>${count} &gt; 0</arg>
<arg>go back</arg>
</arguments>
<status status="PASS" starttime="20210504 20:18:40.966" endtime="20210504 20:18:40.967"></status>
</kw>
<status status="PASS" starttime="20210504 20:18:40.912" endtime="20210504 20:18:40.967"></status>
</kw>
<kw name="Switch To Intrastate Driving Rules" library="ChangeStatus">
<kw name="Get Matching Xpath Count" library="AppiumLibrary">
<doc>Returns number of elements matching ``xpath``</doc>
<arguments>
<arg>xpath=//*[@text="Switch To Intrastate Driving Rules"]</arg>
</arguments>
<assign>
<var>${count0}</var>
</assign>
<msg timestamp="20210504 20:18:41.017" level="INFO">${count0} = 0</msg>
<status status="PASS" starttime="20210504 20:18:40.968" endtime="20210504 20:18:41.017"></status>
</kw>
<kw name="Run Keyword If" library="BuiltIn">
<doc>Runs the given keyword with the given arguments, if ``condition`` is true.</doc>
<arguments>
<arg>${count0} &gt; 0</arg>
<arg>click element</arg>
<arg>id=com.vistracks:id/standardPositiveBtn</arg>
</arguments>
<status status="PASS" starttime="20210504 20:18:41.017" endtime="20210504 20:18:41.018"></status>
</kw>
<kw name="Sleep" library="BuiltIn">
<doc>Pauses the test executed for the given time.</doc>
<arguments>
<arg>1s</arg>
</arguments>
<msg timestamp="20210504 20:18:42.019" level="INFO">Slept 1 second</msg>
<status status="PASS" starttime="20210504 20:18:41.018" endtime="20210504 20:18:42.019"></status>
</kw>
<status status="PASS" starttime="20210504 20:18:40.967" endtime="20210504 20:18:42.019"></status>
</kw>
<kw name="Get Matching Xpath Count" library="AppiumLibrary">
<doc>Returns number of elements matching ``xpath``</doc>
<arguments>
<arg>xpath=//*[@text="Uncertified Log(s)"]</arg>
</arguments>
<assign>
<var>${count}</var>
</assign>
<msg timestamp="20210504 20:18:42.063" level="INFO">${count} = 0</msg>
<status status="PASS" starttime="20210504 20:18:42.019" endtime="20210504 20:18:42.063"></status>
</kw>
<kw name="Run Keyword If" library="BuiltIn">
<doc>Runs the given keyword with the given arguments, if ``condition`` is true.</doc>
<arguments>
<arg>${count} &gt; 0</arg>
<arg>click element</arg>
<arg>xpath=//*[@text="OK"]</arg>
</arguments>
<status status="PASS" starttime="20210504 20:18:42.063" endtime="20210504 20:18:42.064"></status>
</kw>
<status status="PASS" starttime="20210504 20:18:40.912" endtime="20210504 20:18:42.065"></status>
</kw>
<kw name="Cancel VIN Mismatch" library="ChangeStatus">
<kw name="Wait Until Element Is Visible" library="AppiumLibrary">
<doc>Waits until element specified with `locator` is visible.</doc>
<arguments>
<arg>xpath=//*[@text="VIN Mismatch"]</arg>
<arg>timeout=60</arg>
</arguments>
<kw name="Capture Page Screenshot" library="AppiumLibrary">
<doc>Takes a screenshot of the current page and embeds it into the log.</doc>
<status status="FAIL" starttime="20210504 20:18:46.624" endtime="20210504 20:18:46.625"></status>
</kw>
<msg timestamp="20210504 20:18:46.627" level="WARN">Keyword 'Capture Page Screenshot' could not be run on failure: Execution terminated by signal</msg>
<status status="FAIL" starttime="20210504 20:18:42.066" endtime="20210504 20:18:46.630"></status>
</kw>
<status status="FAIL" starttime="20210504 20:18:42.065" endtime="20210504 20:18:46.630"></status>
</kw>
<status status="FAIL" starttime="20210504 20:15:51.214" endtime="20210504 20:18:46.631"></status>
</kw>
<status status="FAIL" starttime="20210504 20:15:51.213" endtime="20210504 20:18:46.631"></status>
</kw>
<status status="FAIL" starttime="20210504 20:15:51.212" endtime="20210504 20:18:46.632" critical="yes">Execution terminated by signal</status>
</test>
<test id="s1-t6" name="Driving Routine two - 06">
<tags>
<tag>robot:exit</tag>
</tags>
<status status="FAIL" starttime="20210504 20:18:46.634" endtime="20210504 20:18:46.635" critical="yes">Test execution stopped due to a fatal error.</status>
</test>
<doc>This is a basic test suite for mobile testing with RobotFramework</doc>
<status status="FAIL" starttime="20210504 20:08:46.953" endtime="20210504 20:18:46.638"></status>
</suite>
<statistics>
<total>
<stat pass="0" fail="6">Critical Tests</stat>
<stat pass="0" fail="6">All Tests</stat>
</total>
<tag>
<stat pass="0" fail="5" info="combined" combined="NOT robot:exit">NOT robot:exit</stat>
<stat pass="0" fail="1">robot:exit</stat>
</tag>
<suite>
<stat pass="0" fail="6" id="s1" name="TestChangeStatus">TestChangeStatus</stat>
</suite>
</statistics>
<errors>
<msg timestamp="20210504 20:08:47.430" level="ERROR">Error in file 'C:\development\robot-scripts - Copy\first-script\Resources\PO\DrivingRoutines.robot' on line 3: Resource file '..\Resources\Common.robot' does not exist.</msg>
<msg timestamp="20210504 20:18:46.627" level="WARN">Keyword 'Capture Page Screenshot' could not be run on failure: Execution terminated by signal</msg>
</errors>
</robot>
